1)
A A A . . . C C C . . . E E E E E . . . . . G G G G G . . . . . I I I I I I I I I I
A A A . . . C C C . . . E E E E E . . . . . G G G G G G . . . . . . I I I I I I I
A A A . . . C C C . . . E E E E E . . . . . G G G G G G G . . . . . . . I I I I I I
A A A . . . C C C C . . . . E E E E E . . . . . G G G G G G . . . . . . I I I I I
A A A A . . . . C C C C . . . . E E E E E . . . . . G G G G G . . . . . I I I I
A A A A A . . . . . C C C C C . . . . . E E E E E . . . . . G G G G . . . . I I I
A A A A A A . . . . . . C C C C C C . . . . . . E E E E . . . . G G G . . . I I
A A A A A A A . . . . . . . C C C C C C C . . . . . . . E E E . . . G G G . . . I I
A A A A A A A . . . . . . . C C C C C C C . . . . . . . E E E . . . G G . . I I
2)
A A A A . . . . C C C C . . . . . E E E E . . . . . G G G G G . . . . I I I I I
A A A A . . . . C C C C C . . . . . E E E E E . . . . G G G G G . . . . . I I I I
A A A A A . . . . . C C C C . . . . . E E E E . . . . G G G G . . . . . I I I I
A A A A A . . . . C C C C C . . . . E E E E E . . . . G G G G . . . . I I I I I
A A A A A . . . . . C C C C C . . . . E E E E E . . . . G G G G . . . . . I I I I I
A A A A A . . . . C C C C . . . . . E E E E E . . . . . G G G G . . . . I I I I I
A A A A . . . . C C C C . . . . . E E E E . . . . . G G G G . . . . . I I I I
A A A A . . . . . C C C C . . . . . E E E E . . . . G G G G G . . . . I I I I
A A A A . . . . . C C C C . . . . E E E E . . . . . G G G G G . . . . . I I I I
