1 2 T
2 3 A
3 4 C
4 5 C
5 6 A
6 7 C
7 8 G
8 9 G
9 10 T
10 11 T
11 12 G
12 13 C
13 14 A
14 15 G
15 16 C
16 17 C
17 18 C
18 19 G
19 20 T
20 21 T
21 22 A
22 23 A
23 24 A
24 25 G
25 26 C
26 27 G
27 28 A
28 29 T
29 30 T
30 31 G
31 32 T
32 33 A
33 34 T
34 35 A
35 36 G
36 37 C
37 38 G
38 39 A
39 40 T
40 41 G
41 42 A
42 43 G
43 44 C
44 45 A
45 46 C
46 47 G
47 48 A
48 49 C
49 50 G
50 51 A
51 52 T
52 53 A
53 54 A
54 55 T
55 56 C
56 57 G
57 58 G
58 59 C
59 60 G
60 61 C
61 62 A
62 63 T
63 64 A
64 65 G
65 66 G
66 67 G
67 68 A
68 69 A
69 70 C
70 71 T
71 72 G
72 73 A
73 74 C
74 75 T
75 76 C
76 77 T
77 78 G
78 79 C
79 80 A
80 81 T
81 82 T
1 83 G
83 84 T
84 85 A
85 86 A
86 87 A
87 88 G
88 89 T
89 90 T
90 91 A
91 92 G
92 93 T
93 94 C
94 95 C
95 96 T
96 97 C
97 98 G
98 99 C
99 100 A
100 101 G
101 102 C
102 103 T
103 104 T
104 105 A
105 106 C
106 107 G
107 108 G
108 109 T
109 110 A
110 111 T
111 112 T
112 113 T
113 114 T
114 115 T
115 116 A
116 117 G
117 118 T
118 119 T
119 120 C
120 121 C
121 122 G
122 123 T
123 124 C
124 125 C
125 126 G
126 127 G
127 128 A
128 129 C
129 130 G
130 131 G
131 132 A
132 133 C
133 134 G
134 135 C
135 136 C
136 137 T
137 138 A
138 139 C
139 140 A
140 141 C
141 142 T
142 143 T
143 144 G
144 145 G
145 146 T
146 147 A
147 148 T
148 149 C
149 150 G
150 151 G
151 152 T
152 153 G
153 154 C
154 155 C
155 156 T
156 157 A
157 158 C
158 159 A
159 160 C
160 161 C
161 162 A
162 163 T
163 164 G
164 165 C
165 166 T
166 167 T
167 168 A
168 169 T
169 170 A
170 171 C
171 172 C
83 173 G
173 174 C
174 175 A
175 176 A
176 177 T
177 178 A
178 179 C
179 180 C
180 181 C
181 182 A
182 183 G
183 184 G
184 185 A
185 186 A
186 187 A
187 188 T
188 189 T
189 190 G
190 191 T
191 192 C
192 193 C
193 194 G
194 195 C
195 196 G
196 197 G
197 198 C
198 199 A
199 200 T
200 201 G
201 202 A
202 203 A
203 204 C
204 205 G
205 206 C
206 207 C
207 208 G
208 209 C
209 210 C
210 211 C
211 212 T
212 213 T
213 214 C
214 215 A
215 216 T
216 217 T
217 218 T
218 219 C
219 220 C
220 221 A
221 222 C
222 223 C
223 224 C
224 225 G
225 226 T
226 227 A
227 228 T
228 229 T
229 230 C
230 231 G
231 232 C
232 233 G
233 234 T
234 235 A
235 236 A
236 237 C
237 238 C
238 239 C
239 240 G
240 241 G
241 242 C
242 243 A
243 244 T
244 245 C
245 246 G
246 247 G
247 248 G
248 249 T
249 250 C
250 251 A
251 252 G
252 253 C
253 254 T
1 255 C
255 256 C
256 257 G
257 258 G
258 259 C
259 260 T
260 261 A
261 262 T
262 263 C
263 264 G
264 265 A
265 266 G
266 267 C
267 268 A
268 269 C
269 270 C
270 271 C
271 272 C
272 273 C
273 274 C
274 275 G
275 276 T
276 277 C
277 278 T
278 279 A
279 280 T
280 281 G
281 282 C
282 283 C
283 284 A
284 285 T
285 286 G
286 287 C
287 288 T
288 289 A
289 290 T
290 291 T
291 292 G
292 293 A
293 294 G
294 295 A
295 296 G
296 297 T
297 298 C
298 299 C
299 300 C
300 301 G
301 302 C
302 303 T
303 304 A
304 305 T
305 306 T
306 307 C
307 308 C
308 309 C
309 310 T
310 311 C
311 312 C
312 313 T
313 314 C
314 315 A
315 316 T
316 317 G
317 318 C
318 319 G
319 320 T
320 321 A
321 322 G
322 323 C
323 324 C
324 325 T
325 326 T
326 327 G
327 328 G
328 329 C
329 330 A
330 331 G
331 332 C
332 333 G
333 334 T
334 335 C
335 336 T
336 337 T
337 338 A
338 339 C
339 340 T
340 341 T
341 342 G
342 343 G
343 344 A
344 345 A
345 346 A
346 347 G
347 348 A
348 349 C
349 350 T
350 351 C
351 352 T
352 353 C
353 354 G
1 355 A
355 356 A
356 357 A
357 358 T
358 359 C
359 360 T
360 361 G
361 362 T
362 363 C
363 364 G
364 365 A
365 366 G
366 367 T
367 368 G
368 369 T
369 370 C
370 371 A
371 372 G
372 373 T
373 374 G
374 375 T
375 376 C
376 377 T
377 378 C
378 379 G
379 380 T
380 381 C
381 382 C
382 383 G
383 384 C
384 385 C
385 386 G
386 387 A
387 388 C
388 389 A
389 390 A
390 391 A
391 392 C
392 393 C
393 394 T
394 395 T
395 396 A
396 397 G
397 398 C
398 399 T
399 400 T
400 401 T
401 402 T
402 403 A
403 404 T
404 405 A
405 406 T
406 407 A
407 408 A
408 409 C
409 410 A
410 411 G
411 412 G
412 413 T
413 414 T
414 415 G
415 416 A
416 417 T
417 418 G
418 419 A
419 420 A
420 421 T
421 422 T
422 423 G
423 424 T
424 425 T
425 426 T
426 427 G
427 428 T
428 429 C
429 430 G
430 431 A
431 432 C
432 433 G
433 434 T
434 435 A
435 436 C
436 437 A
437 438 A
438 439 T
439 440 G
440 441 C
441 442 C
442 443 C
443 444 A
355 445 C
445 446 A
446 447 G
447 448 C
448 449 A
449 450 C
450 451 T
451 452 A
452 453 G
453 454 T
454 455 A
455 456 T
456 457 T
457 458 C
458 459 C
459 460 G
460 461 A
461 462 A
462 463 C
463 464 G
464 465 C
465 466 C
466 467 T
467 468 C
468 469 G
469 470 G
470 471 A
471 472 C
472 473 G
473 474 T
474 475 T
475 476 G
476 477 C
477 478 G
478 479 G
479 480 T
480 481 G
481 482 G
482 483 T
483 484 A
484 485 G
485 486 G
486 487 A
487 488 G
488 489 C
489 490 A
490 491 T
491 492 C
492 493 C
493 494 A
494 495 A
495 496 T
496 497 A
497 498 C
498 499 T
499 500 G
500 501 G
501 502 A
502 503 G
503 504 G
504 505 G
505 506 G
506 507 G
507 508 C
508 509 A
509 510 G
510 511 G
511 512 T
512 513 C
513 514 A
514 515 A
515 516 T
516 517 G
517 518 A
518 519 A
519 520 G
520 521 C
521 522 C
522 523 C
523 524 C
524 525 G
525 526 C
526 527 C
527 528 T
528 529 G
529 530 C
530 531 T
531 532 G
532 533 C
533 534 T
534 535 G
535 536 C
536 537 A
537 538 A
538 539 G
539 540 G
83 541 A
541 542 T
542 543 T
543 544 C
544 545 C
545 546 C
546 547 C
547 548 A
548 549 C
549 550 C
550 551 T
551 552 T
552 553 G
553 554 C
554 555 T
555 556 T
556 557 C
557 558 T
558 559 G
559 560 G
560 561 A
561 562 T
562 563 T
563 564 A
564 565 C
565 566 T
566 567 C
567 568 A
568 569 A
569 570 C
570 571 A
571 572 T
572 573 G
573 574 T
574 575 A
575 576 C
576 577 G
577 578 A
578 579 T
579 580 G
580 581 T
581 582 C
582 583 C
583 584 T
584 585 A
585 586 G
586 587 C
587 588 T
588 589 C
589 590 T
590 591 T
591 592 C
592 593 T
593 594 G
594 595 A
595 596 T
596 597 A
597 598 T
598 599 T
599 600 A
600 601 A
601 602 T
602 603 C
603 604 G
604 605 C
605 606 A
606 607 C
607 608 C
608 609 C
609 610 A
610 611 A
611 612 A
612 613 A
613 614 C
614 615 C
615 616 A
616 617 T
617 618 C
618 619 G
619 620 G
620 621 C
621 622 A
622 623 A
623 624 C
624 625 G
625 626 G
626 627 T
627 628 A
628 629 A
629 630 A
630 631 A
631 632 G
632 633 A
633 634 A
634 635 A
635 636 C
356 637 G
637 638 G
638 639 T
639 640 A
640 641 G
641 642 C
642 643 A
643 644 T
644 645 C
645 646 A
646 647 T
647 648 A
648 649 G
649 650 T
650 651 T
651 652 C
652 653 C
653 654 T
654 655 A
655 656 T
656 657 C
657 658 A
658 659 C
659 660 G
660 661 G
661 662 A
662 663 C
663 664 C
664 665 G
665 666 C
666 667 G
667 668 A
668 669 G
669 670 G
670 671 T
671 672 G
672 673 A
673 674 C
674 675 C
675 676 A
676 677 G
677 678 C
678 679 G
679 680 C
680 681 G
681 682 G
682 683 G
683 684 A
684 685 G
685 686 A
686 687 G
687 688 G
688 689 A
689 690 C
690 691 A
691 692 A
692 693 G
693 694 C
694 695 C
695 696 G
696 697 C
697 698 G
698 699 T
699 700 A
700 701 C
701 702 A
702 703 A
703 704 T
704 705 C
705 706 C
706 707 G
707 708 T
708 709 C
709 710 T
710 711 A
711 712 G
712 713 G
713 714 A
714 715 G
715 716 G
716 717 C
717 718 G
718 719 A
719 720 T
720 721 G
721 722 T
3 723 G
723 724 G
724 725 A
725 726 A
726 727 T
727 728 G
728 729 T
729 730 C
730 731 G
731 732 C
732 733 T
733 734 G
734 735 G
735 736 C
736 737 G
737 738 A
738 739 G
739 740 A
740 741 C
741 742 A
742 743 A
743 744 G
744 745 G
745 746 T
746 747 T
747 748 G
748 749 A
749 750 G
750 751 C
751 752 T
752 753 T
753 754 A
754 755 T
755 756 T
756 757 T
757 758 G
758 759 A
759 760 T
760 761 A
761 762 T
762 763 A
763 764 G
764 765 C
765 766 T
766 767 T
767 768 T
768 769 C
769 770 A
770 771 A
771 772 C
772 773 C
773 774 A
774 775 T
775 776 T
776 777 T
777 778 C
778 779 G
779 780 A
780 781 A
781 782 T
782 783 A
783 784 C
784 785 A
785 786 A
786 787 C
787 788 T
788 789 C
789 790 C
790 791 T
791 792 C
792 793 C
793 794 G
794 795 T
795 796 C
796 797 A
797 798 A
798 799 G
799 800 T
800 801 A
801 802 A
802 803 T
803 804 T
804 805 G
805 806 G
806 807 G
807 808 C
808 809 A
809 810 C
810 811 A
255 812 G
812 813 A
813 814 C
814 815 A
815 816 C
816 817 A
817 818 C
818 819 T
819 820 C
820 821 G
821 822 G
822 823 A
823 824 G
824 825 A
825 826 A
826 827 T
827 828 G
828 829 A
829 830 T
830 831 G
831 832 C
832 833 G
833 834 C
834 835 C
835 836 G
836 837 T
837 838 C
838 839 A
839 840 T
840 841 C
841 842 A
842 843 T
843 844 A
844 845 T
845 846 G
846 847 G
847 848 C
848 849 G
849 850 G
850 851 C
851 852 C
852 853 A
853 854 C
854 855 T
855 856 A
856 857 A
857 858 T
858 859 A
859 860 T
860 861 C
861 862 G
862 863 A
863 864 T
864 865 C
865 866 C
866 867 A
867 868 C
868 869 G
869 870 C
870 871 A
871 872 A
872 873 C
873 874 G
874 875 C
875 876 T
876 877 G
877 878 G
878 879 T
879 880 G
880 881 T
881 882 T
882 883 G
883 884 A
884 885 A
885 886 A
886 887 C
887 888 C
888 889 G
889 890 C
890 891 A
891 892 G
892 893 C
893 894 A
894 895 G
895 896 T
896 897 A
897 898 T
898 899 T
899 900 C
900 901 A
901 902 G
902 903 A
903 904 C
904 905 G
84 906 G
906 907 G
907 908 A
908 909 G
909 910 A
910 911 G
911 912 C
912 913 C
913 914 T
914 915 T
915 916 C
916 917 A
917 918 A
918 919 G
919 920 G
920 921 C
921 922 T
922 923 G
923 924 T
924 925 A
925 926 G
926 927 G
927 928 A
928 929 G
929 930 T
930 931 C
931 932 G
932 933 G
933 934 C
934 935 T
935 936 T
936 937 A
937 938 G
938 939 A
939 940 C
940 941 C
941 942 A
942 943 T
943 944 C
944 945 T
945 946 A
946 947 C
947 948 A
948 949 T
949 950 T
950 951 T
951 952 C
952 953 A
953 954 T
954 955 G
955 956 A
956 957 G
957 958 A
958 959 G
959 960 G
960 961 G
961 962 A
962 963 A
963 964 C
964 965 C
965 966 G
966 967 A
967 968 A
968 969 C
969 970 C
970 971 G
971 972 C
972 973 C
973 974 G
974 975 C
975 976 A
976 977 T
977 978 A
978 979 G
979 980 C
980 981 A
981 982 G
982 983 T
983 984 G
984 985 G
985 986 C
986 987 T
987 988 A
988 989 G
989 990 G
990 991 C
991 992 A
992 993 G
993 994 C
994 995 T
995 996 T
996 997 C
997 998 G
998 999 A
999 1000 C
1000 1001 C
1001 1002 A
6 1003 A
1003 1004 T
1004 1005 A
1005 1006 G
1006 1007 G
1007 1008 T
1008 1009 A
1009 1010 G
1010 1011 T
1011 1012 C
1012 1013 G
1013 1014 G
1014 1015 C
1015 1016 C
1016 1017 G
1017 1018 A
1018 1019 T
1019 1020 C
1020 1021 T
1021 1022 G
1022 1023 C
1023 1024 G
1024 1025 C
1025 1026 A
1026 1027 G
1027 1028 A
1028 1029 G
1029 1030 G
1030 1031 C
1031 1032 G
1032 1033 T
1033 1034 G
1034 1035 G
1035 1036 T
1036 1037 T
1037 1038 A
1038 1039 A
1039 1040 C
1040 1041 G
1041 1042 A
1042 1043 T
1043 1044 C
1044 1045 G
1045 1046 A
1046 1047 G
1047 1048 A
1048 1049 T
1049 1050 G
1050 1051 T
1051 1052 G
1052 1053 G
1053 1054 A
1054 1055 G
1055 1056 A
1056 1057 A
1057 1058 G
1058 1059 A
1059 1060 T
1060 1061 T
1061 1062 C
1062 1063 C
1063 1064 G
1064 1065 G
1065 1066 C
1066 1067 T
1067 1068 T
1068 1069 T
1069 1070 T
1070 1071 A
1071 1072 C
1072 1073 T
1073 1074 G
1074 1075 G
1075 1076 C
1076 1077 G
1077 1078 G
1078 1079 C
1079 1080 C
1080 1081 G
1081 1082 G
1082 1083 T
173 1084 G
1084 1085 G
1085 1086 T
1086 1087 A
1087 1088 T
1088 1089 C
1089 1090 C
1090 1091 A
1091 1092 A
1092 1093 C
1093 1094 G
1094 1095 C
1095 1096 G
1096 1097 A
1097 1098 C
1098 1099 A
1099 1100 C
1100 1101 T
1101 1102 C
1102 1103 C
1103 1104 C
1104 1105 A
1105 1106 T
1106 1107 C
1107 1108 C
1108 1109 A
1109 1110 T
1110 1111 G
1111 1112 T
1112 1113 C
1113 1114 T
1114 1115 A
1115 1116 T
1116 1117 T
1117 1118 C
1118 1119 G
1119 1120 A
1120 1121 G
1121 1122 C
1122 1123 C
1123 1124 T
1124 1125 A
1125 1126 G
1126 1127 G
1127 1128 A
1128 1129 C
1129 1130 T
1130 1131 C
1131 1132 C
1132 1133 T
1133 1134 A
1134 1135 C
1135 1136 T
1136 1137 C
1137 1138 G
1138 1139 G
1139 1140 G
1140 1141 A
1141 1142 A
1142 1143 A
1143 1144 A
1144 1145 G
1145 1146 C
1146 1147 C
1147 1148 G
1148 1149 A
1149 1150 C
1150 1151 G
1151 1152 G
1152 1153 C
1153 1154 A
1154 1155 G
1155 1156 A
1156 1157 T
1157 1158 C
1158 1159 A
1159 1160 G
1160 1161 T
1161 1162 T
1162 1163 A
1163 1164 T
1164 1165 G
1165 1166 A
1166 1167 G
1167 1168 T
1168 1169 T
1169 1170 C
1170 1171 A
1171 1172 G
1172 1173 T
1173 1174 G
1174 1175 T
1175 1176 T
1176 1177 T
1177 1178 G
1178 1179 C
1179 1180 T
445 1181 T
1181 1182 C
1182 1183 A
1183 1184 G
1184 1185 G
1185 1186 G
1186 1187 C
1187 1188 C
1188 1189 G
1189 1190 G
1190 1191 A
1191 1192 A
1192 1193 C
1193 1194 A
1194 1195 G
1195 1196 T
1196 1197 T
1197 1198 C
1198 1199 T
1199 1200 C
1200 1201 C
1201 1202 T
1202 1203 T
1203 1204 T
1204 1205 C
1205 1206 T
1206 1207 G
1207 1208 C
1208 1209 G
1209 1210 A
1210 1211 G
1211 1212 T
1212 1213 C
1213 1214 T
1214 1215 T
1215 1216 C
1216 1217 G
1217 1218 A
1218 1219 G
1219 1220 A
1220 1221 G
1221 1222 C
1222 1223 C
1223 1224 A
1224 1225 G
1225 1226 C
1226 1227 T
1227 1228 C
1228 1229 C
1229 1230 C
1230 1231 A
1231 1232 A
1232 1233 G
1233 1234 T
1234 1235 C
1235 1236 A
1236 1237 C
1237 1238 T
1238 1239 A
1239 1240 A
1240 1241 G
1241 1242 G
1242 1243 T
1243 1244 G
1244 1245 T
1245 1246 T
1246 1247 G
1247 1248 C
1248 1249 A
1249 1250 T
1250 1251 T
1251 1252 G
1252 1253 A
1253 1254 T
1254 1255 A
1255 1256 T
1256 1257 G
1257 1258 G
1258 1259 G
1259 1260 G
1260 1261 A
1261 1262 C
1262 1263 T
1263 1264 A
1264 1265 C
1181 1266 G
1266 1267 T
1267 1268 C
1268 1269 A
1269 1270 G
1270 1271 T
1271 1272 T
1272 1273 T
1273 1274 T
1274 1275 C
1275 1276 C
1276 1277 C
1277 1278 C
1278 1279 G
1279 1280 T
1280 1281 A
1281 1282 G
1282 1283 C
1283 1284 T
1284 1285 T
1285 1286 C
1286 1287 C
1287 1288 C
1288 1289 T
1289 1290 T
1290 1291 G
1291 1292 T
1292 1293 T
1293 1294 A
1294 1295 G
1295 1296 A
1296 1297 G
1297 1298 G
1298 1299 C
1299 1300 T
1300 1301 A
1301 1302 C
1302 1303 T
1303 1304 G
1304 1305 A
1305 1306 G
1306 1307 A
1307 1308 C
1308 1309 C
1309 1310 G
1310 1311 G
1311 1312 C
1312 1313 T
1313 1314 A
1314 1315 G
1315 1316 T
1316 1317 T
1317 1318 G
1318 1319 G
1319 1320 G
1320 1321 C
1321 1322 A
1322 1323 T
1323 1324 C
1324 1325 A
1325 1326 G
1326 1327 G
1327 1328 T
1328 1329 G
1329 1330 A
1330 1331 G
1331 1332 G
1332 1333 C
1333 1334 G
1334 1335 G
1335 1336 T
1336 1337 G
1337 1338 A
1338 1339 C
1339 1340 T
1340 1341 C
1341 1342 C
1342 1343 T
1343 1344 G
1344 1345 G
1345 1346 G
1346 1347 T
1347 1348 A
1348 1349 C
1349 1350 G
1350 1351 G
1351 1352 A
1352 1353 T
1353 1354 A
1354 1355 A
2 1356 T
1356 1357 A
1357 1358 C
1358 1359 C
1359 1360 T
1360 1361 A
1361 1362 T
1362 1363 C
1363 1364 T
1364 1365 G
1365 1366 A
1366 1367 C
1367 1368 C
1368 1369 C
1369 1370 G
1370 1371 C
1371 1372 T
1372 1373 C
1373 1374 C
1374 1375 T
1375 1376 C
1376 1377 C
1377 1378 G
1378 1379 G
1379 1380 T
1380 1381 T
1381 1382 G
1382 1383 A
1383 1384 A
1384 1385 T
1385 1386 A
1386 1387 G
1387 1388 C
1388 1389 C
1389 1390 C
1390 1391 T
1391 1392 T
1392 1393 A
1393 1394 T
1394 1395 A
1395 1396 G
1396 1397 G
1397 1398 T
1398 1399 C
1399 1400 T
1400 1401 T
1401 1402 C
1402 1403 C
1403 1404 A
1404 1405 C
1405 1406 A
1406 1407 A
1407 1408 T
1408 1409 A
1409 1410 G
1410 1411 A
1411 1412 G
1412 1413 A
1413 1414 C
1414 1415 T
1415 1416 C
1416 1417 A
1417 1418 A
1418 1419 C
1419 1420 T
1420 1421 C
1421 1422 G
1422 1423 C
1423 1424 G
1424 1425 A
1425 1426 A
1426 1427 T
1427 1428 G
1428 1429 G
1429 1430 A
1430 1431 A
1431 1432 T
1432 1433 C
1433 1434 G
1434 1435 A
1435 1436 A
1436 1437 A
1437 1438 A
1438 1439 A
255 1440 A
1440 1441 C
1441 1442 G
1442 1443 A
1443 1444 A
1444 1445 G
1445 1446 G
1446 1447 G
1447 1448 T
1448 1449 G
1449 1450 C
1450 1451 C
1451 1452 T
1452 1453 C
1453 1454 T
1454 1455 C
1455 1456 G
1456 1457 A
1457 1458 A
1458 1459 C
1459 1460 C
1460 1461 A
1461 1462 T
1462 1463 C
1463 1464 G
1464 1465 A
1465 1466 G
1466 1467 C
1467 1468 G
1468 1469 G
1469 1470 G
1470 1471 C
1471 1472 A
1472 1473 A
1473 1474 C
1474 1475 C
1475 1476 G
1476 1477 A
1477 1478 C
1478 1479 T
1479 1480 C
1480 1481 C
1481 1482 C
1482 1483 A
1483 1484 T
1484 1485 G
1485 1486 T
1486 1487 A
1487 1488 G
1488 1489 T
1489 1490 A
1490 1491 A
1491 1492 A
1492 1493 C
1493 1494 T
1494 1495 T
1495 1496 C
1496 1497 A
1497 1498 A
1498 1499 C
1499 1500 C
1500 1501 C
1501 1502 G
1502 1503 T
1503 1504 A
1504 1505 C
1505 1506 A
1506 1507 C
1507 1508 T
1508 1509 T
1509 1510 C
1510 1511 A
1511 1512 G
1512 1513 G
1513 1514 G
1514 1515 T
1515 1516 C
1516 1517 T
1517 1518 T
1518 1519 C
1519 1520 A
1520 1521 G
1521 1522 G
1522 1523 T
1523 1524 A
1524 1525 A
1525 1526 A
445 1527 C
1527 1528 A
1528 1529 C
1529 1530 C
1530 1531 G
1531 1532 G
1532 1533 A
1533 1534 C
1534 1535 C
1535 1536 G
1536 1537 T
1537 1538 A
1538 1539 G
1539 1540 A
1540 1541 C
1541 1542 G
1542 1543 G
1543 1544 T
1544 1545 C
1545 1546 A
1546 1547 T
1547 1548 G
1548 1549 C
1549 1550 T
1550 1551 A
1551 1552 C
1552 1553 A
1553 1554 C
1554 1555 C
1555 1556 A
1556 1557 G
1557 1558 T
1558 1559 G
1559 1560 G
1560 1561 G
1561 1562 C
1562 1563 A
1563 1564 G
1564 1565 C
1565 1566 T
1566 1567 T
1567 1568 G
1568 1569 G
1569 1570 C
1570 1571 G
1571 1572 A
1572 1573 T
1573 1574 C
1574 1575 G
1575 1576 C
1576 1577 C
1577 1578 T
1578 1579 T
1579 1580 C
1580 1581 A
1581 1582 C
1582 1583 G
1583 1584 C
1584 1585 A
1585 1586 G
1586 1587 A
1587 1588 C
1588 1589 T
1589 1590 T
1590 1591 T
1591 1592 G
1592 1593 A
1593 1594 T
1594 1595 T
1595 1596 C
1596 1597 T
1597 1598 C
1598 1599 G
1599 1600 T
1600 1601 C
1601 1602 G
1602 1603 T
1603 1604 G
1604 1605 G
1605 1606 T
1606 1607 T
1607 1608 A
1608 1609 G
1609 1610 A
1610 1611 C
1611 1612 G
1612 1613 C
1613 1614 A
1614 1615 C
1615 1616 T
1616 1617 A
1617 1618 A
1618 1619 G
1619 1620 A
1620 1621 G
1621 1622 C
541 1623 G
1623 1624 A
1624 1625 C
1625 1626 G
1626 1627 C
1627 1628 C
1628 1629 C
1629 1630 C
1630 1631 C
1631 1632 G
1632 1633 C
1633 1634 T
1634 1635 G
1635 1636 A
1636 1637 A
1637 1638 G
1638 1639 T
1639 1640 A
1640 1641 T
1641 1642 T
1642 1643 T
1643 1644 C
1644 1645 T
1645 1646 G
1646 1647 T
1647 1648 T
1648 1649 C
1649 1650 C
1650 1651 T
1651 1652 C
1652 1653 G
1653 1654 G
1654 1655 G
1655 1656 T
1656 1657 G
1657 1658 C
1658 1659 T
1659 1660 A
1660 1661 T
1661 1662 G
1662 1663 C
1663 1664 C
1664 1665 A
1665 1666 T
1666 1667 T
1667 1668 T
1668 1669 C
1669 1670 A
1670 1671 G
1671 1672 G
1672 1673 A
1673 1674 G
1674 1675 G
1675 1676 A
1676 1677 C
1677 1678 T
1678 1679 T
1679 1680 C
1680 1681 T
1681 1682 T
1682 1683 G
1683 1684 T
1684 1685 A
1685 1686 A
1686 1687 T
1687 1688 T
1688 1689 T
1689 1690 T
1690 1691 T
1691 1692 A
1692 1693 C
1693 1694 C
1694 1695 C
1695 1696 A
1696 1697 G
1697 1698 C
1698 1699 T
1699 1700 G
1700 1701 G
1701 1702 C
1702 1703 A
1703 1704 A
1704 1705 T
1705 1706 G
1706 1707 A
1707 1708 A
1708 1709 G
1709 1710 T
1710 1711 T
1711 1712 C
1712 1713 C
1084 1714 C
1714 1715 A
1715 1716 T
1716 1717 T
1717 1718 C
1718 1719 C
1719 1720 C
1720 1721 G
1721 1722 G
1722 1723 C
1723 1724 A
1724 1725 G
1725 1726 T
1726 1727 C
1727 1728 T
1728 1729 C
1729 1730 T
1730 1731 A
1731 1732 C
1732 1733 G
1733 1734 A
1734 1735 C
1735 1736 G
1736 1737 C
1737 1738 G
1738 1739 G
1739 1740 C
1740 1741 C
1741 1742 C
1742 1743 G
1743 1744 G
1744 1745 A
1745 1746 A
1746 1747 G
1747 1748 A
1748 1749 C
1749 1750 A
1750 1751 A
1751 1752 G
1752 1753 A
1753 1754 T
1754 1755 A
1755 1756 C
1756 1757 A
1757 1758 T
1758 1759 A
1759 1760 G
1760 1761 T
1761 1762 G
1762 1763 A
1763 1764 T
1764 1765 T
1765 1766 T
1766 1767 A
1767 1768 T
1768 1769 C
1769 1770 G
1770 1771 G
1771 1772 C
1772 1773 G
1773 1774 T
1774 1775 G
1775 1776 C
1776 1777 T
1777 1778 C
1778 1779 T
1779 1780 C
1780 1781 G
1781 1782 A
1782 1783 T
1783 1784 G
1784 1785 C
1785 1786 T
1786 1787 G
1787 1788 G
1788 1789 C
1789 1790 G
1790 1791 T
1791 1792 C
1792 1793 C
1793 1794 A
1794 1795 C
1795 1796 T
1796 1797 A
1797 1798 G
1798 1799 C
1799 1800 G
1800 1801 T
1801 1802 T
1802 1803 T
1803 1804 C
1804 1805 A
1805 1806 C
1806 1807 T
2 1808 G
1808 1809 T
1809 1810 C
1810 1811 C
1811 1812 G
1812 1813 T
1813 1814 G
1814 1815 T
1815 1816 T
1816 1817 A
1817 1818 C
1818 1819 G
1819 1820 A
1820 1821 C
1821 1822 C
1822 1823 T
1823 1824 G
1824 1825 A
1825 1826 A
1826 1827 G
1827 1828 G
1828 1829 C
1829 1830 C
1830 1831 A
1831 1832 A
1832 1833 G
1833 1834 A
1834 1835 T
1835 1836 A
1836 1837 A
1837 1838 C
1838 1839 A
1839 1840 A
1840 1841 T
1841 1842 A
1842 1843 A
1843 1844 G
1844 1845 T
1845 1846 G
1846 1847 G
1847 1848 T
1848 1849 A
1849 1850 A
1850 1851 C
1851 1852 G
1852 1853 T
1853 1854 C
1854 1855 T
1855 1856 C
1856 1857 G
1857 1858 T
1858 1859 G
1859 1860 T
1860 1861 T
1861 1862 C
1862 1863 A
1863 1864 C
1864 1865 A
1865 1866 G
1866 1867 G
1867 1868 G
1868 1869 T
1869 1870 A
1870 1871 T
1871 1872 T
1872 1873 T
1873 1874 A
1874 1875 T
1875 1876 G
1876 1877 G
1877 1878 C
1878 1879 A
1879 1880 T
1880 1881 G
1881 1882 C
1882 1883 C
1883 1884 T
1884 1885 C
1885 1886 T
1886 1887 C
1887 1888 T
1888 1889 G
1889 1890 T
1890 1891 G
1891 1892 G
1892 1893 T
1893 1894 T
1894 1895 T
1895 1896 A
1896 1897 A
1897 1898 T
1898 1899 A
1899 1900 G
1900 1901 A
1901 1902 A
1902 1903 G
1903 1904 C
1904 1905 A
1808 1906 G
1906 1907 G
1907 1908 G
1908 1909 G
1909 1910 A
1910 1911 C
1911 1912 A
1912 1913 A
1913 1914 G
1914 1915 A
1915 1916 C
1916 1917 A
1917 1918 G
1918 1919 G
1919 1920 A
1920 1921 G
1921 1922 T
1922 1923 A
1923 1924 C
1924 1925 C
1925 1926 C
1926 1927 G
1927 1928 C
1928 1929 T
1929 1930 C
1930 1931 C
1931 1932 A
1932 1933 T
1933 1934 T
1934 1935 C
1935 1936 C
1936 1937 T
1937 1938 T
1938 1939 T
1939 1940 C
1940 1941 A
1941 1942 T
1942 1943 A
1943 1944 T
1944 1945 T
1945 1946 G
1946 1947 G
1947 1948 A
1948 1949 G
1949 1950 G
1950 1951 T
1951 1952 C
1952 1953 G
1953 1954 C
1954 1955 C
1955 1956 G
1956 1957 C
1957 1958 G
1958 1959 T
1959 1960 G
1960 1961 G
1961 1962 C
1962 1963 T
1963 1964 C
1964 1965 C
1965 1966 C
1966 1967 A
1967 1968 T
1968 1969 C
1969 1970 A
1970 1971 A
1971 1972 C
1972 1973 T
1973 1974 G
1974 1975 A
1975 1976 A
1976 1977 G
1977 1978 C
1978 1979 C
1979 1980 T
1980 1981 A
1981 1982 T
1982 1983 G
1983 1984 G
1984 1985 C
1985 1986 A
1986 1987 A
1987 1988 C
1988 1989 A
1989 1990 A
1990 1991 A
1991 1992 A
1992 1993 T
1993 1994 T
1994 1995 C
1527 1996 T
1996 1997 G
1997 1998 T
1998 1999 T
1999 2000 C
2000 2001 T
2001 2002 T
2002 2003 C
2003 2004 C
2004 2005 C
2005 2006 A
2006 2007 A
2007 2008 C
2008 2009 G
2009 2010 G
2010 2011 G
2011 2012 T
2012 2013 A
2013 2014 T
2014 2015 A
2015 2016 T
2016 2017 T
2017 2018 T
2018 2019 A
2019 2020 A
2020 2021 A
2021 2022 A
2022 2023 C
2023 2024 G
2024 2025 C
2025 2026 A
2026 2027 G
2027 2028 A
2028 2029 A
2029 2030 G
2030 2031 G
2031 2032 G
2032 2033 G
2033 2034 C
2034 2035 A
2035 2036 G
2036 2037 C
2037 2038 G
2038 2039 A
2039 2040 G
2040 2041 G
2041 2042 T
2042 2043 G
2043 2044 G
2044 2045 G
2045 2046 G
2046 2047 A
2047 2048 G
2048 2049 A
2049 2050 A
2050 2051 T
2051 2052 A
2052 2053 A
2053 2054 G
2054 2055 T
2055 2056 C
2056 2057 T
2057 2058 C
2058 2059 G
2059 2060 G
2060 2061 G
2061 2062 C
2062 2063 T
2063 2064 A
2064 2065 T
2065 2066 G
2066 2067 T
2067 2068 T
2068 2069 C
2069 2070 G
2070 2071 G
2071 2072 A
2072 2073 G
2073 2074 G
2074 2075 T
2075 2076 C
2076 2077 A
2077 2078 T
2078 2079 C
2079 2080 A
2080 2081 T
2081 2082 G
2082 2083 G
2083 2084 T
2084 2085 G
2085 2086 T
2086 2087 C
2087 2088 C
2088 2089 G
2089 2090 G
355 2091 G
2091 2092 A
2092 2093 T
2093 2094 A
2094 2095 A
2095 2096 A
2096 2097 A
2097 2098 A
2098 2099 A
2099 2100 A
2100 2101 C
2101 2102 A
2102 2103 G
2103 2104 A
2104 2105 A
2105 2106 T
2106 2107 G
2107 2108 A
2108 2109 G
2109 2110 G
2110 2111 A
2111 2112 A
2112 2113 C
2113 2114 T
2114 2115 A
2115 2116 T
2116 2117 A
2117 2118 G
2118 2119 A
2119 2120 A
2120 2121 G
2121 2122 T
2122 2123 T
2123 2124 A
2124 2125 A
2125 2126 A
2126 2127 C
2127 2128 C
2128 2129 C
2129 2130 T
2130 2131 T
2131 2132 T
2132 2133 G
2133 2134 C
2134 2135 C
2135 2136 T
2136 2137 G
2137 2138 G
2138 2139 G
2139 2140 A
2140 2141 A
2141 2142 C
2142 2143 T
2143 2144 G
2144 2145 T
2145 2146 C
2146 2147 T
2147 2148 C
2148 2149 T
2149 2150 G
2150 2151 A
2151 2152 T
2152 2153 G
2153 2154 A
2154 2155 C
2155 2156 G
2156 2157 A
2157 2158 T
2158 2159 G
2159 2160 C
2160 2161 A
2161 2162 G
2162 2163 A
2163 2164 C
2164 2165 G
2165 2166 A
2166 2167 T
2167 2168 T
2168 2169 A
2169 2170 T
2170 2171 T
2171 2172 G
2172 2173 C
2173 2174 G
2174 2175 C
2175 2176 G
2176 2177 A
2177 2178 T
2178 2179 C
2179 2180 C
2180 2181 G
2181 2182 T
2182 2183 G
2183 2184 A
2184 2185 G
2185 2186 G
2186 2187 C
2187 2188 C
446 2189 A
2189 2190 T
2190 2191 G
2191 2192 C
2192 2193 C
2193 2194 C
2194 2195 C
2195 2196 C
2196 2197 T
2197 2198 C
2198 2199 A
2199 2200 C
2200 2201 C
2201 2202 T
2202 2203 T
2203 2204 A
2204 2205 A
2205 2206 T
2206 2207 G
2207 2208 A
2208 2209 G
2209 2210 A
2210 2211 C
2211 2212 G
2212 2213 C
2213 2214 A
2214 2215 C
2215 2216 G
2216 2217 C
2217 2218 T
2218 2219 C
2219 2220 A
2220 2221 G
2221 2222 T
2222 2223 G
2223 2224 T
2224 2225 T
2225 2226 G
2226 2227 C
2227 2228 G
2228 2229 G
2229 2230 G
2230 2231 C
2231 2232 G
2232 2233 C
2233 2234 A
2234 2235 A
2235 2236 T
2236 2237 G
2237 2238 G
2238 2239 T
2239 2240 C
2240 2241 G
2241 2242 A
2242 2243 C
2243 2244 T
2244 2245 A
2245 2246 A
2246 2247 G
2247 2248 C
2248 2249 C
2249 2250 T
2250 2251 C
2251 2252 T
2252 2253 G
2253 2254 A
2254 2255 A
2255 2256 A
2256 2257 A
2257 2258 G
2258 2259 G
2259 2260 C
2260 2261 G
2261 2262 G
2262 2263 T
2263 2264 A
2264 2265 T
357 2266 G
2266 2267 T
2267 2268 C
2268 2269 A
2269 2270 T
2270 2271 A
2271 2272 C
2272 2273 C
2273 2274 G
2274 2275 G
2275 2276 C
2276 2277 G
2277 2278 A
2278 2279 T
2279 2280 C
2280 2281 A
2281 2282 C
2282 2283 C
2283 2284 A
2284 2285 T
2285 2286 A
2286 2287 A
2287 2288 A
2288 2289 C
2289 2290 A
2290 2291 C
2291 2292 C
2292 2293 A
2293 2294 A
2294 2295 G
2295 2296 A
2296 2297 G
2297 2298 G
2298 2299 G
2299 2300 T
2300 2301 A
2301 2302 G
2302 2303 G
2303 2304 T
2304 2305 A
2305 2306 A
2306 2307 A
2307 2308 G
2308 2309 A
2309 2310 T
2310 2311 C
2311 2312 A
2312 2313 A
2313 2314 T
2314 2315 C
2315 2316 G
2316 2317 G
2317 2318 C
2318 2319 C
2319 2320 G
2320 2321 G
2321 2322 C
2322 2323 G
2323 2324 A
2324 2325 A
2325 2326 A
2326 2327 G
2327 2328 T
2328 2329 G
2329 2330 T
2330 2331 C
2331 2332 G
2332 2333 G
2333 2334 G
2334 2335 G
2335 2336 T
2336 2337 T
2337 2338 T
2338 2339 G
2339 2340 G
2340 2341 T
2341 2342 G
2342 2343 G
2343 2344 A
2344 2345 T
2345 2346 A
2346 2347 C
2347 2348 C
2348 2349 T
2349 2350 A
2350 2351 G
2351 2352 G
2352 2353 G
2353 2354 A
2354 2355 A
2355 2356 G
2356 2357 T
2357 2358 A
355 2359 T
2359 2360 A
2360 2361 C
2361 2362 G
2362 2363 G
2363 2364 T
2364 2365 C
2365 2366 C
2366 2367 C
2367 2368 C
2368 2369 C
2369 2370 G
2370 2371 C
2371 2372 C
2372 2373 T
2373 2374 C
2374 2375 C
2375 2376 G
2376 2377 C
2377 2378 G
2378 2379 T
2379 2380 G
2380 2381 C
2381 2382 A
2382 2383 A
2383 2384 A
2384 2385 G
2385 2386 C
2386 2387 T
2387 2388 T
2388 2389 C
2389 2390 A
2390 2391 C
2391 2392 C
2392 2393 T
2393 2394 T
2394 2395 A
2395 2396 G
2396 2397 A
2397 2398 T
2398 2399 C
2399 2400 C
2400 2401 A
2401 2402 C
2402 2403 T
2403 2404 G
2404 2405 A
2405 2406 G
2406 2407 A
2407 2408 C
2408 2409 A
2409 2410 A
2410 2411 A
2411 2412 C
2412 2413 C
2413 2414 C
2414 2415 C
2415 2416 G
2416 2417 G
2417 2418 G
2418 2419 T
2419 2420 G
2420 2421 T
2421 2422 C
2422 2423 T
2423 2424 A
2424 2425 A
2425 2426 A
2426 2427 G
2427 2428 C
2428 2429 T
2429 2430 T
2430 2431 C
2431 2432 G
2432 2433 G
2433 2434 G
2434 2435 C
2435 2436 C
2436 2437 G
2437 2438 T
2438 2439 G
2439 2440 A
2440 2441 C
2441 2442 A
2442 2443 T
2443 2444 T
2444 2445 T
2445 2446 G
2446 2447 G
2447 2448 C
2448 2449 A
1809 2450 A
2450 2451 C
2451 2452 A
2452 2453 A
2453 2454 T
2454 2455 T
2455 2456 A
2456 2457 T
2457 2458 A
2458 2459 C
2459 2460 C
2460 2461 A
2461 2462 A
2462 2463 C
2463 2464 G
2464 2465 C
2465 2466 A
2466 2467 G
2467 2468 C
2468 2469 G
2469 2470 A
2470 2471 A
2471 2472 T
2472 2473 G
2473 2474 A
2474 2475 T
2475 2476 G
2476 2477 T
2477 2478 C
2478 2479 G
2479 2480 G
2480 2481 G
2481 2482 A
2482 2483 G
2483 2484 C
2484 2485 T
2485 2486 A
2486 2487 T
2487 2488 C
2488 2489 G
2489 2490 A
2490 2491 G
2491 2492 G
2492 2493 A
2493 2494 A
2494 2495 T
2495 2496 T
2496 2497 C
2497 2498 C
2498 2499 C
2499 2500 A
2500 2501 A
2501 2502 T
2502 2503 G
2503 2504 T
2504 2505 T
2505 2506 T
2506 2507 T
2507 2508 G
2508 2509 G
2509 2510 T
2510 2511 G
2511 2512 T
2512 2513 A
2513 2514 C
2514 2515 A
2515 2516 T
2516 2517 A
2517 2518 A
2518 2519 C
2519 2520 T
2520 2521 A
2521 2522 A
2522 2523 G
2523 2524 G
2524 2525 A
2525 2526 G
812 2527 G
2527 2528 A
2528 2529 T
2529 2530 T
2530 2531 A
2531 2532 A
2532 2533 G
2533 2534 C
2534 2535 G
2535 2536 G
2536 2537 G
2537 2538 T
2538 2539 A
2539 2540 A
2540 2541 G
2541 2542 C
2542 2543 C
2543 2544 G
2544 2545 T
2545 2546 C
2546 2547 G
2547 2548 G
2548 2549 G
2549 2550 T
2550 2551 C
2551 2552 G
2552 2553 C
2553 2554 C
2554 2555 G
2555 2556 T
2556 2557 C
2557 2558 G
2558 2559 C
2559 2560 A
2560 2561 T
2561 2562 T
2562 2563 T
2563 2564 C
2564 2565 T
2565 2566 G
2566 2567 C
2567 2568 A
2568 2569 G
2569 2570 T
2570 2571 G
2571 2572 G
2572 2573 C
2573 2574 A
2574 2575 A
2575 2576 G
2576 2577 A
2577 2578 C
2578 2579 C
2579 2580 C
2580 2581 G
2581 2582 C
2582 2583 T
2583 2584 T
2584 2585 C
2585 2586 T
2586 2587 G
2587 2588 A
2588 2589 T
2589 2590 T
2590 2591 A
2591 2592 A
2592 2593 A
2593 2594 C
2594 2595 A
2595 2596 G
2596 2597 G
2597 2598 T
2598 2599 C
2599 2600 G
2600 2601 G
2601 2602 G
2602 2603 G
2603 2604 A
2604 2605 T
2605 2606 C
2606 2607 G
2607 2608 A
2608 2609 A
2609 2610 A
2610 2611 C
2611 2612 A
2 2613 C
2613 2614 G
2614 2615 T
2615 2616 T
2616 2617 T
2617 2618 C
2618 2619 T
2619 2620 T
2620 2621 T
2621 2622 C
2622 2623 C
2623 2624 T
2624 2625 C
2625 2626 T
2626 2627 C
2627 2628 C
2628 2629 A
2629 2630 A
2630 2631 C
2631 2632 A
2632 2633 C
2633 2634 C
2634 2635 G
2635 2636 C
2636 2637 T
2637 2638 G
2638 2639 T
2639 2640 G
2640 2641 A
2641 2642 A
2642 2643 C
2643 2644 A
2644 2645 T
2645 2646 T
2646 2647 C
2647 2648 A
2648 2649 A
2649 2650 A
2650 2651 A
2651 2652 A
2652 2653 A
2653 2654 T
2654 2655 A
2655 2656 C
2656 2657 A
2657 2658 G
2658 2659 G
2659 2660 T
2660 2661 A
2661 2662 C
2662 2663 A
2663 2664 A
2664 2665 G
2665 2666 A
2666 2667 A
2667 2668 A
2668 2669 G
2669 2670 T
2670 2671 G
2671 2672 A
2672 2673 A
2673 2674 T
2674 2675 A
2675 2676 T
2676 2677 G
2677 2678 C
2678 2679 C
2679 2680 G
2680 2681 C
2681 2682 T
2682 2683 A
2683 2684 G
2684 2685 C
2685 2686 C
2686 2687 C
2687 2688 T
2688 2689 G
2689 2690 A
2690 2691 A
257 2692 A
2692 2693 T
2693 2694 A
2694 2695 G
2695 2696 A
2696 2697 A
2697 2698 C
2698 2699 C
2699 2700 A
2700 2701 G
2701 2702 A
2702 2703 T
2703 2704 C
2704 2705 C
2705 2706 C
2706 2707 G
2707 2708 G
2708 2709 G
2709 2710 C
2710 2711 C
2711 2712 A
2712 2713 T
2713 2714 T
2714 2715 T
2715 2716 C
2716 2717 C
2717 2718 C
2718 2719 G
2719 2720 C
2720 2721 T
2721 2722 T
2722 2723 C
2723 2724 G
2724 2725 A
2725 2726 C
2726 2727 T
2727 2728 T
2728 2729 A
2729 2730 A
2730 2731 T
2731 2732 G
2732 2733 C
2733 2734 A
2734 2735 A
2735 2736 G
2736 2737 C
2737 2738 G
2738 2739 G
2739 2740 C
2740 2741 A
2741 2742 T
2742 2743 A
2743 2744 T
2744 2745 C
2745 2746 G
2746 2747 T
2747 2748 T
2748 2749 G
2749 2750 G
2750 2751 G
2751 2752 T
2752 2753 T
2753 2754 T
2754 2755 C
2755 2756 T
2756 2757 T
2757 2758 G
2758 2759 T
2759 2760 T
2760 2761 A
2761 2762 T
2762 2763 C
2763 2764 T
2764 2765 C
2765 2766 A
2766 2767 T
2767 2768 C
2768 2769 T
2769 2770 T
2770 2771 T
2771 2772 G
2772 2773 T
2773 2774 T
2774 2775 C
83 2776 C
2776 2777 T
2777 2778 G
2778 2779 A
2779 2780 G
2780 2781 T
2781 2782 G
2782 2783 A
2783 2784 C
2784 2785 G
2785 2786 T
2786 2787 A
2787 2788 A
2788 2789 T
2789 2790 T
2790 2791 T
2791 2792 T
2792 2793 A
2793 2794 A
2794 2795 G
2795 2796 T
2796 2797 A
2797 2798 T
2798 2799 C
2799 2800 A
2800 2801 C
2801 2802 A
2802 2803 C
2803 2804 T
2804 2805 G
2805 2806 A
2806 2807 A
2807 2808 T
2808 2809 C
2809 2810 G
2810 2811 A
2811 2812 T
2812 2813 G
2813 2814 A
2814 2815 G
2815 2816 A
2816 2817 A
2817 2818 A
2818 2819 T
2819 2820 A
2820 2821 C
2821 2822 A
2822 2823 G
2823 2824 G
2824 2825 T
2825 2826 T
2826 2827 C
2827 2828 G
2828 2829 T
2829 2830 A
2830 2831 T
2831 2832 C
2832 2833 G
2833 2834 A
2834 2835 T
2835 2836 G
2836 2837 T
2837 2838 A
2838 2839 C
2839 2840 C
2840 2841 C
2841 2842 A
2842 2843 T
2843 2844 C
2844 2845 G
2845 2846 G
2846 2847 G
2847 2848 A
2848 2849 T
2849 2850 G
2850 2851 A
2851 2852 C
2852 2853 G
2853 2854 C
2854 2855 G
2855 2856 G
2856 2857 C
2857 2858 T
2858 2859 C
2859 2860 T
2860 2861 G
2861 2862 T
2862 2863 A
2863 2864 T
2864 2865 G
2865 2866 A
356 2867 T
2867 2868 T
2868 2869 T
2869 2870 T
2870 2871 T
2871 2872 A
2872 2873 A
2873 2874 A
2874 2875 C
2875 2876 A
2876 2877 T
2877 2878 A
2878 2879 G
2879 2880 T
2880 2881 C
2881 2882 A
2882 2883 A
2883 2884 A
2884 2885 G
2885 2886 T
2886 2887 A
2887 2888 T
2888 2889 G
2889 2890 C
2890 2891 T
2891 2892 A
2892 2893 A
2893 2894 G
2894 2895 C
2895 2896 T
2896 2897 A
2897 2898 C
2898 2899 T
2899 2900 G
2900 2901 C
2901 2902 A
2902 2903 A
2903 2904 T
2904 2905 G
2905 2906 T
2906 2907 C
2907 2908 A
2908 2909 T
2909 2910 T
2910 2911 T
2911 2912 G
2912 2913 G
2913 2914 C
2914 2915 G
2915 2916 T
2916 2917 G
2917 2918 C
2918 2919 C
2919 2920 A
2920 2921 T
2921 2922 C
2922 2923 A
2923 2924 C
2924 2925 G
2925 2926 G
2926 2927 C
2927 2928 T
2928 2929 A
2929 2930 A
2930 2931 C
2931 2932 G
2932 2933 T
2933 2934 A
2934 2935 C
2935 2936 G
2936 2937 A
2937 2938 A
2938 2939 T
2939 2940 G
2940 2941 G
2941 2942 A
2942 2943 G
2943 2944 G
2944 2945 A
2945 2946 G
2946 2947 A
2947 2948 A
84 2949 T
2949 2950 C
2950 2951 C
2951 2952 G
2952 2953 A
2953 2954 T
2954 2955 T
2955 2956 G
2956 2957 A
2957 2958 C
2958 2959 A
2959 2960 G
2960 2961 G
2961 2962 T
2962 2963 C
2963 2964 G
2964 2965 T
2965 2966 G
2966 2967 G
2967 2968 T
2968 2969 A
2969 2970 C
2970 2971 A
2971 2972 T
2972 2973 C
2973 2974 C
2974 2975 T
2975 2976 G
2976 2977 T
2977 2978 C
2978 2979 C
2979 2980 A
2980 2981 T
2981 2982 T
2982 2983 T
2983 2984 C
2984 2985 T
2985 2986 A
2986 2987 T
2987 2988 G
2988 2989 T
2989 2990 T
2990 2991 T
2991 2992 A
2992 2993 T
2993 2994 G
2994 2995 A
2995 2996 G
2996 2997 C
2997 2998 A
2998 2999 C
2999 3000 T
3000 3001 C
3001 3002 T
3002 3003 G
3003 3004 C
3004 3005 G
3005 3006 G
3006 3007 A
3007 3008 C
3008 3009 G
3009 3010 A
3010 3011 A
3011 3012 G
3012 3013 G
3013 3014 G
3014 3015 G
3015 3016 C
3016 3017 G
3017 3018 T
3018 3019 G
3019 3020 T
3020 3021 T
3021 3022 C
3022 3023 T
3023 3024 G
3024 3025 G
3025 3026 C
3026 3027 A
3027 3028 T
3028 3029 T
3029 3030 A
3030 3031 C
3031 3032 A
3032 3033 G
3033 3034 C
3034 3035 C
3035 3036 A
3036 3037 C
3037 3038 T
3038 3039 G
2613 3040 C
3040 3041 A
3041 3042 G
3042 3043 A
3043 3044 T
3044 3045 T
3045 3046 C
3046 3047 T
3047 3048 C
3048 3049 T
3049 3050 C
3050 3051 A
3051 3052 C
3052 3053 C
3053 3054 T
3054 3055 G
3055 3056 T
3056 3057 A
3057 3058 A
3058 3059 C
3059 3060 G
3060 3061 C
3061 3062 A
3062 3063 C
3063 3064 G
3064 3065 T
3065 3066 T
3066 3067 A
3067 3068 G
3068 3069 A
3069 3070 G
3070 3071 C
3071 3072 A
3072 3073 C
3073 3074 T
3074 3075 C
3075 3076 C
3076 3077 C
3077 3078 A
3078 3079 T
3079 3080 A
3080 3081 G
3081 3082 C
3082 3083 C
3083 3084 A
3084 3085 T
3085 3086 C
3086 3087 G
3087 3088 T
3088 3089 C
3089 3090 C
3090 3091 A
3091 3092 G
3092 3093 A
3093 3094 C
3094 3095 C
3095 3096 G
3096 3097 G
3097 3098 G
3098 3099 G
3099 3100 C
3100 3101 T
3101 3102 G
3102 3103 G
3103 3104 A
3104 3105 G
3105 3106 A
3106 3107 A
3107 3108 C
3108 3109 A
3109 3110 C
3110 3111 C
3111 3112 G
3112 3113 T
3113 3114 T
3114 3115 A
3115 3116 C
3116 3117 T
3117 3118 C
3118 3119 G
3119 3120 A
3120 3121 C
3121 3122 C
3122 3123 G
541 3124 A
3124 3125 A
3125 3126 C
3126 3127 A
3127 3128 A
3128 3129 A
3129 3130 C
3130 3131 A
3131 3132 A
3132 3133 T
3133 3134 G
3134 3135 C
3135 3136 A
3136 3137 G
3137 3138 T
3138 3139 A
3139 3140 T
3140 3141 G
3141 3142 A
3142 3143 C
3143 3144 A
3144 3145 G
3145 3146 A
3146 3147 T
3147 3148 A
3148 3149 A
3149 3150 T
3150 3151 A
3151 3152 T
3152 3153 G
3153 3154 T
3154 3155 A
3155 3156 T
3156 3157 G
3157 3158 T
3158 3159 T
3159 3160 C
3160 3161 G
3161 3162 A
3162 3163 T
3163 3164 C
3164 3165 T
3165 3166 A
3166 3167 C
3167 3168 A
3168 3169 G
3169 3170 G
3170 3171 A
3171 3172 A
3172 3173 A
3173 3174 A
3174 3175 C
3175 3176 A
3176 3177 A
3177 3178 G
3178 3179 T
3179 3180 G
3180 3181 T
3181 3182 A
3182 3183 G
3183 3184 G
3184 3185 T
3185 3186 T
3186 3187 G
3187 3188 A
3188 3189 A
3189 3190 C
3190 3191 T
3191 3192 T
3192 3193 C
3193 3194 A
3194 3195 C
3195 3196 G
3196 3197 T
3197 3198 A
3198 3199 A
3199 3200 G
3200 3201 A
3201 3202 T
3202 3203 G
3203 3204 T
3204 3205 T
3205 3206 T
3206 3207 A
3207 3208 C
3208 3209 T
3209 3210 G
1808 3211 C
3211 3212 G
3212 3213 T
3213 3214 A
3214 3215 C
3215 3216 A
3216 3217 G
3217 3218 A
3218 3219 G
3219 3220 G
3220 3221 T
3221 3222 G
3222 3223 A
3223 3224 T
3224 3225 A
3225 3226 C
3226 3227 C
3227 3228 T
3228 3229 T
3229 3230 T
3230 3231 G
3231 3232 T
3232 3233 T
3233 3234 G
3234 3235 C
3235 3236 T
3236 3237 C
3237 3238 C
3238 3239 G
3239 3240 T
3240 3241 T
3241 3242 T
3242 3243 G
3243 3244 G
3244 3245 T
3245 3246 G
3246 3247 T
3247 3248 A
3248 3249 G
3249 3250 A
3250 3251 G
3251 3252 A
3252 3253 A
3253 3254 G
3254 3255 T
3255 3256 G
3256 3257 G
3257 3258 T
3258 3259 A
3259 3260 T
3260 3261 T
3261 3262 T
3262 3263 A
3263 3264 A
3264 3265 A
3265 3266 C
3266 3267 G
3267 3268 G
3268 3269 G
3269 3270 A
3270 3271 T
3271 3272 C
3272 3273 G
3273 3274 C
3274 3275 C
3275 3276 G
3276 3277 A
3277 3278 C
3278 3279 A
3279 3280 G
3280 3281 T
3281 3282 A
3282 3283 T
3283 3284 C
3284 3285 T
3285 3286 A
3286 3287 C
3287 3288 G
3288 3289 A
3289 3290 C
3290 3291 A
2615 3292 G
3292 3293 T
3293 3294 G
3294 3295 A
3295 3296 G
3296 3297 C
3297 3298 G
3298 3299 T
3299 3300 C
3300 3301 G
3301 3302 T
3302 3303 T
3303 3304 G
3304 3305 T
3305 3306 C
3306 3307 G
3307 3308 C
3308 3309 G
3309 3310 T
3310 3311 A
3311 3312 G
3312 3313 A
3313 3314 G
3314 3315 G
3315 3316 G
3316 3317 T
3317 3318 T
3318 3319 A
3319 3320 C
3320 3321 G
3321 3322 A
3322 3323 A
3323 3324 C
3324 3325 G
3325 3326 A
3326 3327 T
3327 3328 T
3328 3329 T
3329 3330 T
3330 3331 T
3331 3332 T
3332 3333 C
3333 3334 C
3334 3335 T
3335 3336 G
3336 3337 A
3337 3338 A
3338 3339 T
3339 3340 A
3340 3341 C
3341 3342 A
3342 3343 T
3343 3344 C
3344 3345 T
3345 3346 G
3346 3347 C
3347 3348 A
3348 3349 C
3349 3350 C
3350 3351 T
3351 3352 C
3352 3353 G
3353 3354 T
3354 3355 A
3355 3356 A
3356 3357 A
3357 3358 C
3358 3359 T
3359 3360 A
3360 3361 G
3361 3362 A
3362 3363 A
3363 3364 C
3364 3365 G
3365 3366 C
3366 3367 T
3367 3368 A
3368 3369 T
3369 3370 G
3370 3371 T
3371 3372 A
3372 3373 G
3373 3374 G
3374 3375 T
3375 3376 C
3376 3377 C
3377 3378 G
3378 3379 T
3379 3380 A
3380 3381 T
3381 3382 T
3382 3383 A
3383 3384 C
3384 3385 G
3385 3386 A
3386 3387 G
2091 3388 C
3388 3389 C
3389 3390 A
3390 3391 T
3391 3392 C
3392 3393 A
3393 3394 C
3394 3395 C
3395 3396 T
3396 3397 A
3397 3398 G
3398 3399 T
3399 3400 G
3400 3401 T
3401 3402 T
3402 3403 A
3403 3404 G
3404 3405 G
3405 3406 T
3406 3407 A
3407 3408 G
3408 3409 T
3409 3410 G
3410 3411 A
3411 3412 A
3412 3413 T
3413 3414 G
3414 3415 A
3415 3416 T
3416 3417 C
3417 3418 G
3418 3419 A
3419 3420 C
3420 3421 A
3421 3422 A
3422 3423 T
3423 3424 C
3424 3425 C
3425 3426 C
3426 3427 C
3427 3428 C
3428 3429 A
3429 3430 A
3430 3431 T
3431 3432 A
3432 3433 G
3433 3434 G
3434 3435 T
3435 3436 C
3436 3437 G
3437 3438 A
3438 3439 T
3439 3440 C
3440 3441 C
3441 3442 C
3442 3443 G
3443 3444 G
3444 3445 C
3445 3446 A
3446 3447 A
3447 3448 C
3448 3449 A
3449 3450 T
3450 3451 C
3451 3452 A
3452 3453 A
3453 3454 A
3454 3455 C
3455 3456 A
3456 3457 G
3457 3458 T
3458 3459 A
3459 3460 G
3460 3461 C
3461 3462 C
3462 3463 G
3463 3464 G
3464 3465 C
3465 3466 G
3466 3467 C
3467 3468 C
3468 3469 C
3469 3470 A
3470 3471 A
3471 3472 G
3472 3473 G
3473 3474 G
3474 3475 A
3475 3476 T
3476 3477 A
3477 3478 G
3478 3479 A
3479 3480 A
3480 3481 T
3481 3482 C
2527 3483 C
3483 3484 A
3484 3485 T
3485 3486 A
3486 3487 A
3487 3488 A
3488 3489 T
3489 3490 T
3490 3491 G
3491 3492 A
3492 3493 A
3493 3494 T
3494 3495 T
3495 3496 G
3496 3497 T
3497 3498 C
3498 3499 T
3499 3500 G
3500 3501 T
3501 3502 C
3502 3503 T
3503 3504 G
3504 3505 T
3505 3506 G
3506 3507 C
3507 3508 T
3508 3509 T
3509 3510 C
3510 3511 G
3511 3512 G
3512 3513 A
3513 3514 T
3514 3515 G
3515 3516 T
3516 3517 C
3517 3518 T
3518 3519 T
3519 3520 C
3520 3521 A
3521 3522 C
3522 3523 T
3523 3524 T
3524 3525 C
3525 3526 C
3526 3527 C
3527 3528 A
3528 3529 T
3529 3530 G
3530 3531 C
3531 3532 C
3532 3533 G
3533 3534 A
3534 3535 G
3535 3536 G
3536 3537 A
3537 3538 C
3538 3539 A
3539 3540 T
3540 3541 G
3541 3542 T
3542 3543 G
3543 3544 A
3544 3545 G
3545 3546 G
3546 3547 T
3547 3548 G
3548 3549 G
3549 3550 C
3550 3551 C
3551 3552 T
3552 3553 A
3553 3554 C
3554 3555 G
3555 3556 T
3556 3557 T
3557 3558 C
3558 3559 T
3559 3560 C
3560 3561 G
3561 3562 C
3562 3563 T
3563 3564 A
3564 3565 C
3565 3566 A
3566 3567 G
3567 3568 G
3568 3569 A
3569 3570 A
3570 3571 T
3571 3572 G
3572 3573 T
812 3574 C
3574 3575 T
3575 3576 G
3576 3577 G
3577 3578 A
3578 3579 T
3579 3580 C
3580 3581 C
3581 3582 G
3582 3583 A
3583 3584 A
3584 3585 C
3585 3586 A
3586 3587 A
3587 3588 A
3588 3589 A
3589 3590 C
3590 3591 G
3591 3592 A
3592 3593 C
3593 3594 T
3594 3595 A
3595 3596 G
3596 3597 A
3597 3598 G
3598 3599 A
3599 3600 T
3600 3601 C
3601 3602 G
3602 3603 G
3603 3604 T
3604 3605 C
3605 3606 C
3606 3607 G
3607 3608 T
3608 3609 T
3609 3610 T
3610 3611 C
3611 3612 G
3612 3613 G
3613 3614 G
3614 3615 T
3615 3616 T
3616 3617 A
3617 3618 T
3618 3619 A
3619 3620 T
3620 3621 C
3621 3622 G
3622 3623 G
3623 3624 A
3624 3625 G
3625 3626 C
3626 3627 C
3627 3628 T
3628 3629 A
3629 3630 T
3630 3631 T
3631 3632 A
3632 3633 T
3633 3634 G
3634 3635 G
3635 3636 T
3636 3637 T
3637 3638 A
3638 3639 A
3639 3640 A
3640 3641 A
3641 3642 C
3642 3643 A
3643 3644 G
3644 3645 G
3645 3646 T
3646 3647 T
3647 3648 G
3648 3649 T
3649 3650 C
3650 3651 A
3651 3652 A
3652 3653 G
2776 3654 C
3654 3655 T
3655 3656 A
3656 3657 G
3657 3658 T
3658 3659 G
3659 3660 A
3660 3661 C
3661 3662 T
3662 3663 C
3663 3664 C
3664 3665 A
3665 3666 C
3666 3667 C
3667 3668 A
3668 3669 G
3669 3670 C
3670 3671 C
3671 3672 T
3672 3673 A
3673 3674 C
3674 3675 G
3675 3676 T
3676 3677 A
3677 3678 T
3678 3679 C
3679 3680 C
3680 3681 G
3681 3682 C
3682 3683 C
3683 3684 G
3684 3685 C
3685 3686 C
3686 3687 C
3687 3688 C
3688 3689 G
3689 3690 G
3690 3691 C
3691 3692 A
3692 3693 A
3693 3694 A
3694 3695 A
3695 3696 G
3696 3697 A
3697 3698 A
3698 3699 T
3699 3700 C
3700 3701 A
3701 3702 A
3702 3703 A
3703 3704 G
3704 3705 C
3705 3706 A
3706 3707 C
3707 3708 A
3708 3709 T
3709 3710 A
3710 3711 C
3711 3712 T
3712 3713 A
3713 3714 G
3714 3715 A
3715 3716 G
3716 3717 A
3717 3718 A
3718 3719 G
3719 3720 G
3720 3721 G
3721 3722 T
3722 3723 A
3723 3724 T
3724 3725 G
3725 3726 G
3726 3727 A
3727 3728 A
3728 3729 C
3729 3730 T
3730 3731 A
3731 3732 G
3732 3733 A
3733 3734 T
3734 3735 G
3735 3736 A
3736 3737 A
3737 3738 C
3738 3739 C
3739 3740 A
723 3741 A
3741 3742 G
3742 3743 C
3743 3744 A
3744 3745 C
3745 3746 A
3746 3747 C
3747 3748 T
3748 3749 T
3749 3750 G
3750 3751 T
3751 3752 A
3752 3753 A
3753 3754 T
3754 3755 G
3755 3756 C
3756 3757 C
3757 3758 C
3758 3759 A
3759 3760 G
3760 3761 T
3761 3762 T
3762 3763 T
3763 3764 A
3764 3765 G
3765 3766 C
3766 3767 T
3767 3768 A
3768 3769 C
3769 3770 G
3770 3771 T
3771 3772 G
3772 3773 A
3773 3774 A
3774 3775 C
3775 3776 T
3776 3777 C
3777 3778 T
3778 3779 T
3779 3780 A
3780 3781 G
3781 3782 C
3782 3783 G
3783 3784 C
3784 3785 G
3785 3786 A
3786 3787 A
3787 3788 G
3788 3789 C
3789 3790 T
3790 3791 T
3791 3792 T
3792 3793 C
3793 3794 C
3794 3795 A
3795 3796 A
3796 3797 G
3797 3798 C
3798 3799 C
3799 3800 A
3800 3801 T
3801 3802 T
3802 3803 C
3803 3804 C
3804 3805 T
3805 3806 A
3806 3807 C
3807 3808 T
3808 3809 G
3809 3810 G
3810 3811 G
3811 3812 T
3812 3813 A
3813 3814 T
3814 3815 A
3815 3816 G
3816 3817 C
3817 3818 G
3818 3819 A
3819 3820 T
3820 3821 C
3821 3822 T
1440 3823 A
3823 3824 T
3824 3825 T
3825 3826 G
3826 3827 G
3827 3828 A
3828 3829 G
3829 3830 A
3830 3831 C
3831 3832 C
3832 3833 G
3833 3834 G
3834 3835 C
3835 3836 G
3836 3837 A
3837 3838 T
3838 3839 G
3839 3840 T
3840 3841 A
3841 3842 A
3842 3843 T
3843 3844 A
3844 3845 T
3845 3846 C
3846 3847 A
3847 3848 T
3848 3849 C
3849 3850 A
3850 3851 G
3851 3852 A
3852 3853 C
3853 3854 G
3854 3855 C
3855 3856 G
3856 3857 T
3857 3858 G
3858 3859 G
3859 3860 C
3860 3861 C
3861 3862 T
3862 3863 G
3863 3864 C
3864 3865 A
3865 3866 G
3866 3867 A
3867 3868 C
3868 3869 C
3869 3870 A
3870 3871 A
3871 3872 C
3872 3873 G
3873 3874 T
3874 3875 G
3875 3876 T
3876 3877 T
3877 3878 A
3878 3879 A
3879 3880 G
3880 3881 C
3881 3882 A
3882 3883 C
3883 3884 G
3884 3885 A
3885 3886 C
3886 3887 C
3887 3888 A
3888 3889 C
3889 3890 A
3890 3891 A
3891 3892 A
3892 3893 A
3893 3894 A
3894 3895 A
3895 3896 A
3896 3897 C
3897 3898 T
3898 3899 G
3899 3900 C
3900 3901 C
3901 3902 C
3902 3903 A
3903 3904 A
3904 3905 G
3905 3906 A
3906 3907 G
3907 3908 A
3908 3909 G
3909 3910 C
3910 3911 G
3911 3912 G
3912 3913 C
3913 3914 G
2776 3915 G
3915 3916 T
3916 3917 A
3917 3918 G
3918 3919 C
3919 3920 A
3920 3921 T
3921 3922 T
3922 3923 T
3923 3924 A
3924 3925 T
3925 3926 A
3926 3927 A
3927 3928 T
3928 3929 C
3929 3930 G
3930 3931 C
3931 3932 T
3932 3933 T
3933 3934 C
3934 3935 A
3935 3936 A
3936 3937 C
3937 3938 C
3938 3939 T
3939 3940 T
3940 3941 A
3941 3942 G
3942 3943 G
3943 3944 A
3944 3945 T
3945 3946 T
3946 3947 C
3947 3948 T
3948 3949 A
3949 3950 G
3950 3951 A
3951 3952 T
3952 3953 A
3953 3954 T
3954 3955 G
3955 3956 A
3956 3957 A
3957 3958 C
3958 3959 G
3959 3960 C
3960 3961 T
3961 3962 A
3962 3963 T
3963 3964 C
3964 3965 T
3965 3966 T
3966 3967 A
3967 3968 A
3968 3969 C
3969 3970 G
3970 3971 C
3971 3972 A
3972 3973 A
3973 3974 C
3974 3975 C
3975 3976 G
3976 3977 T
3977 3978 G
3978 3979 G
3979 3980 A
3980 3981 G
3981 3982 A
3982 3983 T
3983 3984 C
3984 3985 G
3985 3986 C
3986 3987 T
3987 3988 C
3988 3989 A
3989 3990 T
3990 3991 G
3991 3992 C
3992 3993 G
3993 3994 G
3994 3995 T
3995 3996 A
3996 3997 A
3997 3998 T
3998 3999 T
3999 4000 G
4000 4001 A
4001 4002 T
4002 4003 G
3823 4004 C
4004 4005 T
4005 4006 C
4006 4007 A
4007 4008 A
4008 4009 G
4009 4010 G
4010 4011 G
4011 4012 G
4012 4013 T
4013 4014 A
4014 4015 T
4015 4016 A
4016 4017 A
4017 4018 G
4018 4019 T
4019 4020 T
4020 4021 T
4021 4022 T
4022 4023 A
4023 4024 T
4024 4025 A
4025 4026 G
4026 4027 T
4027 4028 G
4028 4029 G
4029 4030 T
4030 4031 G
4031 4032 C
4032 4033 C
4033 4034 G
4034 4035 C
4035 4036 A
4036 4037 G
4037 4038 C
4038 4039 C
4039 4040 G
4040 4041 G
4041 4042 T
4042 4043 A
4043 4044 G
4044 4045 G
4045 4046 G
4046 4047 C
4047 4048 C
4048 4049 T
4049 4050 C
4050 4051 G
4051 4052 T
4052 4053 C
4053 4054 T
4054 4055 T
4055 4056 A
4056 4057 G
4057 4058 C
4058 4059 G
4059 4060 A
4060 4061 C
4061 4062 A
4062 4063 T
4063 4064 C
4064 4065 T
4065 4066 A
4066 4067 T
4067 4068 C
4068 4069 G
4069 4070 G
4070 4071 G
4071 4072 C
4072 4073 G
4073 4074 G
4074 4075 A
4075 4076 T
4076 4077 T
4077 4078 G
4078 4079 T
4079 4080 A
4080 4081 A
4081 4082 A
4082 4083 G
4083 4084 C
4084 4085 G
4085 4086 G
4086 4087 G
4087 4088 C
4088 4089 C
4089 4090 C
4090 4091 A
4091 4092 A
4092 4093 C
4093 4094 T
4094 4095 T
4095 4096 C
4096 4097 G
4097 4098 G
1906 4099 A
4099 4100 T
4100 4101 T
4101 4102 T
4102 4103 T
4103 4104 T
4104 4105 G
4105 4106 G
4106 4107 C
4107 4108 A
4108 4109 T
4109 4110 C
4110 4111 T
4111 4112 A
4112 4113 T
4113 4114 T
4114 4115 G
4115 4116 A
4116 4117 T
4117 4118 T
4118 4119 A
4119 4120 G
4120 4121 C
4121 4122 C
4122 4123 T
4123 4124 T
4124 4125 G
4125 4126 G
4126 4127 A
4127 4128 C
4128 4129 G
4129 4130 T
4130 4131 T
4131 4132 A
4132 4133 A
4133 4134 T
4134 4135 C
4135 4136 G
4136 4137 T
4137 4138 A
4138 4139 C
4139 4140 C
4140 4141 G
4141 4142 A
4142 4143 G
4143 4144 A
4144 4145 C
4145 4146 A
4146 4147 C
4147 4148 T
4148 4149 A
4149 4150 G
4150 4151 T
4151 4152 A
4152 4153 G
4153 4154 G
4154 4155 T
4155 4156 C
4156 4157 A
4157 4158 A
4158 4159 C
4159 4160 G
4160 4161 G
4161 4162 A
4162 4163 C
4163 4164 C
4164 4165 A
4165 4166 T
4166 4167 T
4167 4168 C
4168 4169 A
4169 4170 G
4170 4171 C
4171 4172 A
4172 4173 T
4173 4174 C
4174 4175 A
4175 4176 T
4176 4177 A
4177 4178 G
4178 4179 C
4179 4180 G
4180 4181 T
4181 4182 C
4182 4183 G
4183 4184 A
4184 4185 A
4185 4186 G
4186 4187 G
4187 4188 A
4188 4189 G
4189 4190 C
4190 4191 C
4191 4192 G
4192 4193 A
4193 4194 A
2613 4195 A
4195 4196 T
4196 4197 C
4197 4198 G
4198 4199 G
4199 4200 T
4200 4201 G
4201 4202 C
4202 4203 T
4203 4204 C
4204 4205 G
4205 4206 C
4206 4207 G
4207 4208 G
4208 4209 C
4209 4210 G
4210 4211 C
4211 4212 T
4212 4213 G
4213 4214 A
4214 4215 A
4215 4216 T
4216 4217 A
4217 4218 A
4218 4219 A
4219 4220 T
4220 4221 G
4221 4222 T
4222 4223 T
4223 4224 G
4224 4225 A
4225 4226 A
4226 4227 C
4227 4228 G
4228 4229 C
4229 4230 G
4230 4231 T
4231 4232 T
4232 4233 G
4233 4234 T
4234 4235 A
4235 4236 G
4236 4237 C
4237 4238 G
4238 4239 C
4239 4240 G
4240 4241 C
4241 4242 T
4242 4243 T
4243 4244 G
4244 4245 T
4245 4246 T
4246 4247 G
4247 4248 C
4248 4249 G
4249 4250 C
4250 4251 G
4251 4252 A
4252 4253 C
4253 4254 G
4254 4255 A
4255 4256 A
4256 4257 A
4257 4258 G
4258 4259 T
4259 4260 C
4260 4261 G
4261 4262 T
4262 4263 A
4263 4264 C
4264 4265 A
4265 4266 A
4266 4267 T
4267 4268 C
4268 4269 A
4269 4270 C
4270 4271 G
4271 4272 G
4272 4273 T
4273 4274 T
4274 4275 A
4275 4276 C
4276 4277 C
4277 4278 G
3741 4279 T
4279 4280 G
4280 4281 T
4281 4282 G
4282 4283 T
4283 4284 T
4284 4285 T
4285 4286 T
4286 4287 T
4287 4288 A
4288 4289 A
4289 4290 A
4290 4291 C
4291 4292 T
4292 4293 T
4293 4294 A
4294 4295 A
4295 4296 C
4296 4297 C
4297 4298 C
4298 4299 A
4299 4300 A
4300 4301 A
4301 4302 C
4302 4303 T
4303 4304 A
4304 4305 T
4305 4306 G
4306 4307 G
4307 4308 T
4308 4309 A
4309 4310 G
4310 4311 C
4311 4312 T
4312 4313 C
4313 4314 G
4314 4315 T
4315 4316 C
4316 4317 T
4317 4318 G
4318 4319 T
4319 4320 A
4320 4321 G
4321 4322 T
4322 4323 T
4323 4324 T
4324 4325 C
4325 4326 G
4326 4327 T
4327 4328 T
4328 4329 T
4329 4330 C
4330 4331 A
4331 4332 G
4332 4333 C
4333 4334 A
4334 4335 A
4335 4336 T
4336 4337 G
4337 4338 G
4338 4339 T
4339 4340 C
4340 4341 G
4341 4342 T
4342 4343 C
4343 4344 A
4344 4345 G
4345 4346 T
4346 4347 C
4347 4348 T
4348 4349 A
4349 4350 G
4350 4351 T
4351 4352 A
4352 4353 A
4353 4354 T
4354 4355 T
2867 4356 G
4356 4357 G
4357 4358 G
4358 4359 C
4359 4360 G
4360 4361 G
4361 4362 T
4362 4363 G
4363 4364 T
4364 4365 C
4365 4366 G
4366 4367 G
4367 4368 T
4368 4369 A
4369 4370 A
4370 4371 G
4371 4372 G
4372 4373 A
4373 4374 A
4374 4375 G
4375 4376 G
4376 4377 A
4377 4378 G
4378 4379 T
4379 4380 A
4380 4381 C
4381 4382 T
4382 4383 G
4383 4384 G
4384 4385 A
4385 4386 T
4386 4387 G
4387 4388 T
4388 4389 A
4389 4390 A
4390 4391 A
4391 4392 G
4392 4393 T
4393 4394 C
4394 4395 T
4395 4396 G
4396 4397 A
4397 4398 C
4398 4399 T
4399 4400 C
4400 4401 C
4401 4402 A
4402 4403 C
4403 4404 T
4404 4405 A
4405 4406 T
4406 4407 G
4407 4408 T
4408 4409 T
4409 4410 T
4410 4411 T
4411 4412 G
4412 4413 G
4413 4414 G
4414 4415 C
4415 4416 C
4416 4417 G
4417 4418 G
4418 4419 C
4419 4420 A
4420 4421 A
4421 4422 T
4422 4423 A
4423 4424 T
4424 4425 A
4425 4426 T
4426 4427 A
4427 4428 A
4428 4429 G
4429 4430 G
4430 4431 A
4431 4432 A
4432 4433 C
4433 4434 C
4434 4435 T
4435 4436 T
4436 4437 T
3124 4438 T
4438 4439 C
4439 4440 T
4440 4441 C
4441 4442 G
4442 4443 C
4443 4444 G
4444 4445 T
4445 4446 C
4446 4447 T
4447 4448 C
4448 4449 G
4449 4450 A
4450 4451 C
4451 4452 C
4452 4453 T
4453 4454 A
4454 4455 A
4455 4456 T
4456 4457 A
4457 4458 A
4458 4459 T
4459 4460 G
4460 4461 G
4461 4462 T
4462 4463 C
4463 4464 A
4464 4465 G
4465 4466 T
4466 4467 A
4467 4468 A
4468 4469 C
4469 4470 T
4470 4471 A
4471 4472 G
4472 4473 G
4473 4474 A
4474 4475 A
4475 4476 A
4476 4477 C
4477 4478 A
4478 4479 C
4479 4480 C
4480 4481 G
4481 4482 A
4482 4483 C
4483 4484 T
4484 4485 C
4485 4486 C
4486 4487 A
4487 4488 C
4488 4489 T
4489 4490 A
4490 4491 C
4491 4492 T
4492 4493 T
4493 4494 C
4494 4495 A
4495 4496 A
4496 4497 C
4497 4498 T
4498 4499 G
4499 4500 A
4500 4501 C
4501 4502 A
4502 4503 C
4503 4504 C
4504 4505 G
4505 4506 G
4506 4507 A
4507 4508 C
4508 4509 G
4509 4510 A
4510 4511 C
4511 4512 T
4512 4513 T
4513 4514 A
4514 4515 T
4515 4516 C
445 4517 G
4517 4518 G
4518 4519 T
4519 4520 G
4520 4521 G
4521 4522 C
4522 4523 T
4523 4524 T
4524 4525 G
4525 4526 A
4526 4527 T
4527 4528 T
4528 4529 C
4529 4530 G
4530 4531 T
4531 4532 A
4532 4533 T
4533 4534 A
4534 4535 G
4535 4536 A
4536 4537 A
4537 4538 T
4538 4539 C
4539 4540 T
4540 4541 A
4541 4542 G
4542 4543 C
4543 4544 C
4544 4545 A
4545 4546 T
4546 4547 G
4547 4548 T
4548 4549 C
4549 4550 A
4550 4551 T
4551 4552 A
4552 4553 G
4553 4554 G
4554 4555 T
4555 4556 G
4556 4557 T
4557 4558 T
4558 4559 T
4559 4560 G
4560 4561 C
4561 4562 A
4562 4563 G
4563 4564 A
4564 4565 A
4565 4566 G
4566 4567 C
4567 4568 A
4568 4569 T
4569 4570 A
4570 4571 C
4571 4572 A
4572 4573 T
4573 4574 T
4574 4575 G
4575 4576 C
4576 4577 A
4577 4578 T
4578 4579 G
4579 4580 T
4580 4581 C
4581 4582 A
4582 4583 T
4583 4584 G
4584 4585 A
4585 4586 C
4586 4587 A
4587 4588 C
4588 4589 C
4589 4590 G
4590 4591 G
4591 4592 C
4592 4593 A
4593 4594 A
4594 4595 G
4595 4596 A
4596 4597 A
3574 4598 C
4598 4599 C
4599 4600 C
4600 4601 G
4601 4602 C
4602 4603 G
4603 4604 A
4604 4605 T
4605 4606 G
4606 4607 G
4607 4608 A
4608 4609 A
4609 4610 T
4610 4611 C
4611 4612 C
4612 4613 A
4613 4614 T
4614 4615 C
4615 4616 C
4616 4617 G
4617 4618 G
4618 4619 T
4619 4620 T
4620 4621 A
4621 4622 A
4622 4623 C
4623 4624 G
4624 4625 G
4625 4626 G
4626 4627 G
4627 4628 A
4628 4629 C
4629 4630 T
4630 4631 C
4631 4632 G
4632 4633 G
4633 4634 A
4634 4635 C
4635 4636 C
4636 4637 T
4637 4638 C
4638 4639 C
4639 4640 C
4640 4641 T
4641 4642 T
4642 4643 G
4643 4644 T
4644 4645 G
4645 4646 C
4646 4647 G
4647 4648 C
4648 4649 G
4649 4650 C
4650 4651 A
4651 4652 T
4652 4653 G
4653 4654 C
4654 4655 C
4655 4656 A
4656 4657 A
4657 4658 T
4658 4659 C
4659 4660 C
4660 4661 C
4661 4662 T
4662 4663 C
4663 4664 C
4664 4665 A
4665 4666 C
4666 4667 C
4667 4668 T
4668 4669 C
4669 4670 G
4670 4671 A
4671 4672 G
4672 4673 A
4673 4674 A
4674 4675 T
4 4676 A
4676 4677 G
4677 4678 T
4678 4679 G
4679 4680 C
4680 4681 T
4681 4682 T
4682 4683 G
4683 4684 C
4684 4685 G
4685 4686 C
4686 4687 G
4687 4688 C
4688 4689 C
4689 4690 T
4690 4691 A
4691 4692 C
4692 4693 C
4693 4694 G
4694 4695 C
4695 4696 G
4696 4697 A
4697 4698 C
4698 4699 C
4699 4700 T
4700 4701 A
4701 4702 G
4702 4703 G
4703 4704 C
4704 4705 G
4705 4706 G
4706 4707 C
4707 4708 G
4708 4709 A
4709 4710 C
4710 4711 C
4711 4712 T
4712 4713 A
4713 4714 A
4714 4715 C
4715 4716 A
4716 4717 A
4717 4718 T
4718 4719 G
4719 4720 T
4720 4721 C
4721 4722 A
4722 4723 C
4723 4724 A
4724 4725 C
4725 4726 C
4726 4727 T
4727 4728 T
4728 4729 T
4729 4730 T
4730 4731 T
4731 4732 G
4732 4733 T
4733 4734 A
4734 4735 T
4735 4736 T
4736 4737 T
4737 4738 A
4738 4739 C
4739 4740 C
4740 4741 G
4741 4742 T
4742 4743 A
4743 4744 A
4744 4745 T
4745 4746 T
4746 4747 G
4747 4748 A
4748 4749 A
4749 4750 C
4750 4751 T
4751 4752 C
4752 4753 T
4753 4754 G
4754 4755 T
4755 4756 C
4756 4757 A
4757 4758 G
4758 4759 G
4759 4760 A
4760 4761 T
4761 4762 T
1266 4763 C
4763 4764 G
4764 4765 G
4765 4766 G
4766 4767 G
4767 4768 A
4768 4769 C
4769 4770 T
4770 4771 A
4771 4772 T
4772 4773 T
4773 4774 G
4774 4775 T
4775 4776 C
4776 4777 C
4777 4778 C
4778 4779 A
4779 4780 G
4780 4781 C
4781 4782 G
4782 4783 G
4783 4784 G
4784 4785 G
4785 4786 G
4786 4787 G
4787 4788 C
4788 4789 C
4789 4790 C
4790 4791 A
4791 4792 C
4792 4793 C
4793 4794 G
4794 4795 A
4795 4796 C
4796 4797 T
4797 4798 A
4798 4799 A
4799 4800 G
4800 4801 G
4801 4802 G
4802 4803 G
4803 4804 G
4804 4805 T
4805 4806 T
4806 4807 C
4807 4808 G
4808 4809 C
4809 4810 G
4810 4811 C
4811 4812 C
4812 4813 A
4813 4814 T
4814 4815 G
4815 4816 T
4816 4817 C
4817 4818 G
4818 4819 T
4819 4820 T
4820 4821 T
4821 4822 A
4822 4823 G
4823 4824 A
4824 4825 T
4825 4826 A
4826 4827 T
4827 4828 C
4828 4829 A
4829 4830 G
4830 4831 G
4831 4832 T
4832 4833 T
4833 4834 G
4834 4835 T
4835 4836 T
4836 4837 A
4837 4838 A
4838 4839 T
4839 4840 A
4840 4841 C
4841 4842 A
4842 4843 T
4843 4844 C
4844 4845 A
4845 4846 T
4846 4847 G
4847 4848 C
4848 4849 G
4849 4850 C
4850 4851 C
4851 4852 G
4852 4853 C
4598 4854 A
4854 4855 T
4855 4856 T
4856 4857 C
4857 4858 G
4858 4859 A
4859 4860 A
4860 4861 C
4861 4862 G
4862 4863 G
4863 4864 A
4864 4865 A
4865 4866 T
4866 4867 C
4867 4868 A
4868 4869 A
4869 4870 G
4870 4871 T
4871 4872 A
4872 4873 G
4873 4874 T
4874 4875 G
4875 4876 T
4876 4877 A
4877 4878 C
4878 4879 C
4879 4880 C
4880 4881 T
4881 4882 T
4882 4883 G
4883 4884 A
4884 4885 C
4885 4886 G
4886 4887 A
4887 4888 G
4888 4889 T
4889 4890 G
4890 4891 T
4891 4892 T
4892 4893 G
4893 4894 T
4894 4895 T
4895 4896 C
4896 4897 G
4897 4898 C
4898 4899 C
4899 4900 C
4900 4901 G
4901 4902 T
4902 4903 T
4903 4904 A
4904 4905 G
4905 4906 G
4906 4907 A
4907 4908 G
4908 4909 A
4909 4910 A
4910 4911 G
4911 4912 T
4912 4913 T
4913 4914 C
4914 4915 A
4915 4916 A
4916 4917 T
4917 4918 A
4918 4919 C
4919 4920 T
4920 4921 G
4921 4922 A
4922 4923 G
4923 4924 G
4924 4925 C
4925 4926 A
4926 4927 T
4927 4928 T
4928 4929 T
4929 4930 C
1442 4931 C
4931 4932 G
4932 4933 T
4933 4934 G
4934 4935 A
4935 4936 C
4936 4937 C
4937 4938 A
4938 4939 A
4939 4940 T
4940 4941 T
4941 4942 G
4942 4943 T
4943 4944 T
4944 4945 G
4945 4946 T
4946 4947 T
4947 4948 T
4948 4949 A
4949 4950 C
4950 4951 A
4951 4952 C
4952 4953 G
4953 4954 G
4954 4955 C
4955 4956 G
4956 4957 A
4957 4958 T
4958 4959 T
4959 4960 T
4960 4961 G
4961 4962 C
4962 4963 C
4963 4964 A
4964 4965 C
4965 4966 T
4966 4967 G
4967 4968 T
4968 4969 A
4969 4970 G
4970 4971 T
4971 4972 A
4972 4973 A
4973 4974 T
4974 4975 G
4975 4976 A
4976 4977 G
4977 4978 T
4978 4979 C
4979 4980 A
4980 4981 G
4981 4982 C
4982 4983 A
4983 4984 G
4984 4985 A
4985 4986 A
4986 4987 G
4987 4988 C
4988 4989 C
4989 4990 C
4990 4991 A
4991 4992 A
4992 4993 A
4993 4994 C
4994 4995 G
4995 4996 T
4996 4997 C
4997 4998 T
4998 4999 G
4999 5000 G
5000 5001 T
5001 5002 T
5002 5003 T
5003 5004 G
5004 5005 T
5005 5006 C
5006 5007 A
5007 5008 T
5008 5009 G
5009 5010 T
5010 5011 C
5011 5012 G
5012 5013 C
5013 5014 T
5014 5015 T
5015 5016 C
5016 5017 T
1356 5018 C
5018 5019 C
5019 5020 G
5020 5021 G
5021 5022 G
5022 5023 C
5023 5024 T
5024 5025 G
5025 5026 A
5026 5027 C
5027 5028 G
5028 5029 T
5029 5030 C
5030 5031 G
5031 5032 A
5032 5033 G
5033 5034 T
5034 5035 A
5035 5036 G
5036 5037 T
5037 5038 A
5038 5039 T
5039 5040 A
5040 5041 G
5041 5042 G
5042 5043 G
5043 5044 T
5044 5045 G
5045 5046 T
5046 5047 A
5047 5048 G
5048 5049 G
5049 5050 T
5050 5051 C
5051 5052 G
5052 5053 G
5053 5054 C
5054 5055 A
5055 5056 C
5056 5057 C
5057 5058 T
5058 5059 C
5059 5060 C
5060 5061 C
5061 5062 C
5062 5063 A
5063 5064 T
5064 5065 A
5065 5066 C
5066 5067 C
5067 5068 A
5068 5069 C
5069 5070 C
5070 5071 C
5071 5072 A
5072 5073 G
5073 5074 A
5074 5075 C
5075 5076 A
5076 5077 T
5077 5078 T
5078 5079 A
5079 5080 C
5080 5081 G
5081 5082 G
5082 5083 G
5083 5084 T
5084 5085 A
5085 5086 G
5086 5087 A
5087 5088 A
5088 5089 A
5089 5090 T
5090 5091 A
5091 5092 C
5092 5093 C
5093 5094 C
5094 5095 G
5095 5096 G
5096 5097 C
5097 5098 G
5098 5099 T
5099 5100 A
5100 5101 C
5101 5102 G
5102 5103 A
5103 5104 T
5104 5105 T
2867 5106 C
5106 5107 T
5107 5108 C
5108 5109 T
5109 5110 G
5110 5111 C
5111 5112 C
5112 5113 G
5113 5114 T
5114 5115 G
5115 5116 A
5116 5117 G
5117 5118 G
5118 5119 T
5119 5120 G
5120 5121 G
5121 5122 A
5122 5123 G
5123 5124 T
5124 5125 C
5125 5126 A
5126 5127 C
5127 5128 G
5128 5129 C
5129 5130 C
5130 5131 G
5131 5132 T
5132 5133 G
5133 5134 A
5134 5135 C
5135 5136 C
5136 5137 T
5137 5138 T
5138 5139 C
5139 5140 G
5140 5141 T
5141 5142 C
5142 5143 T
5143 5144 C
5144 5145 T
5145 5146 T
5146 5147 G
5147 5148 G
5148 5149 G
5149 5150 G
5150 5151 C
5151 5152 C
5152 5153 T
5153 5154 G
5154 5155 T
5155 5156 C
5156 5157 G
5157 5158 A
5158 5159 A
5159 5160 T
5160 5161 G
5161 5162 G
5162 5163 C
5163 5164 T
5164 5165 G
5165 5166 T
5166 5167 C
5167 5168 G
5168 5169 T
5169 5170 A
5170 5171 A
5171 5172 G
5172 5173 A
5173 5174 T
5174 5175 C
5175 5176 G
5176 5177 C
5177 5178 A
5178 5179 G
5179 5180 G
5180 5181 C
5181 5182 A
5182 5183 C
5183 5184 G
5184 5185 A
5185 5186 C
5186 5187 C
5187 5188 G
5188 5189 G
5189 5190 A
5190 5191 G
5191 5192 T
5192 5193 A
5193 5194 A
5194 5195 T
5195 5196 A
5196 5197 A
5197 5198 C
5198 5199 T
5199 5200 T
5200 5201 T
3483 5202 G
5202 5203 C
5203 5204 G
5204 5205 A
5205 5206 C
5206 5207 C
5207 5208 C
5208 5209 G
5209 5210 A
5210 5211 C
5211 5212 A
5212 5213 A
5213 5214 A
5214 5215 G
5215 5216 G
5216 5217 A
5217 5218 T
5218 5219 C
5219 5220 G
5220 5221 C
5221 5222 T
5222 5223 G
5223 5224 T
5224 5225 T
5225 5226 C
5226 5227 C
5227 5228 C
5228 5229 G
5229 5230 T
5230 5231 T
5231 5232 T
5232 5233 A
5233 5234 C
5234 5235 G
5235 5236 A
5236 5237 T
5237 5238 C
5238 5239 A
5239 5240 A
5240 5241 C
5241 5242 T
5242 5243 G
5243 5244 A
5244 5245 C
5245 5246 G
5246 5247 G
5247 5248 G
5248 5249 A
5249 5250 T
5250 5251 A
5251 5252 T
5252 5253 G
5253 5254 C
5254 5255 G
5255 5256 A
5256 5257 T
5257 5258 T
5258 5259 A
5259 5260 C
5260 5261 A
5261 5262 C
5262 5263 C
5263 5264 C
5264 5265 C
5265 5266 C
5266 5267 A
5267 5268 G
5268 5269 G
5269 5270 C
5270 5271 G
5271 5272 A
5272 5273 G
5273 5274 T
5274 5275 C
5275 5276 A
5276 5277 T
5277 5278 C
5278 5279 C
5279 5280 A
5280 5281 C
5281 5282 G
5282 5283 T
5283 5284 G
5284 5285 A
5285 5286 T
5286 5287 G
5287 5288 T
5288 5289 C
2359 5290 C
5290 5291 C
5291 5292 C
5292 5293 C
5293 5294 C
5294 5295 C
5295 5296 A
5296 5297 C
5297 5298 G
5298 5299 C
5299 5300 G
5300 5301 T
5301 5302 T
5302 5303 T
5303 5304 T
5304 5305 T
5305 5306 T
5306 5307 G
5307 5308 T
5308 5309 G
5309 5310 G
5310 5311 G
5311 5312 C
5312 5313 C
5313 5314 A
5314 5315 A
5315 5316 A
5316 5317 G
5317 5318 T
5318 5319 A
5319 5320 C
5320 5321 C
5321 5322 T
5322 5323 A
5323 5324 C
5324 5325 G
5325 5326 A
5326 5327 A
5327 5328 C
5328 5329 G
5329 5330 A
5330 5331 C
5331 5332 A
5332 5333 C
5333 5334 G
5334 5335 T
5335 5336 C
5336 5337 G
5337 5338 A
5338 5339 C
5339 5340 G
5340 5341 G
5341 5342 G
5342 5343 G
5343 5344 A
5344 5345 G
5345 5346 A
5346 5347 A
5347 5348 T
5348 5349 T
5349 5350 T
5350 5351 T
5351 5352 T
5352 5353 A
5353 5354 T
5354 5355 T
5355 5356 T
5356 5357 T
5357 5358 A
5358 5359 C
5359 5360 A
5360 5361 A
5361 5362 C
5362 5363 A
5363 5364 T
5364 5365 A
5365 5366 T
5366 5367 G
5367 5368 T
5368 5369 G
5369 5370 G
5370 5371 A
5371 5372 A
5372 5373 A
3211 5374 A
5374 5375 A
5375 5376 C
5376 5377 C
5377 5378 G
5378 5379 C
5379 5380 C
5380 5381 T
5381 5382 C
5382 5383 C
5383 5384 T
5384 5385 G
5385 5386 C
5386 5387 C
5387 5388 T
5388 5389 G
5389 5390 T
5390 5391 C
5391 5392 C
5392 5393 C
5393 5394 T
5394 5395 T
5395 5396 G
5396 5397 C
5397 5398 T
5398 5399 T
5399 5400 C
5400 5401 T
5401 5402 G
5402 5403 C
5403 5404 T
5404 5405 A
5405 5406 T
5406 5407 T
5407 5408 T
5408 5409 A
5409 5410 C
5410 5411 C
5411 5412 C
5412 5413 G
5413 5414 C
5414 5415 T
5415 5416 G
5416 5417 G
5417 5418 T
5418 5419 T
5419 5420 T
5420 5421 C
5421 5422 A
5422 5423 A
5423 5424 C
5424 5425 T
5425 5426 T
5426 5427 T
5427 5428 T
5428 5429 C
5429 5430 T
5430 5431 T
5431 5432 A
5432 5433 C
5433 5434 A
5434 5435 A
5435 5436 C
5436 5437 C
5437 5438 A
5438 5439 A
5439 5440 C
5440 5441 C
5441 5442 T
5442 5443 T
5443 5444 G
5444 5445 T
5445 5446 C
5446 5447 C
5447 5448 T
5448 5449 T
5449 5450 A
5450 5451 T
5451 5452 A
5452 5453 A
5453 5454 C
5454 5455 T
5455 5456 C
5456 5457 T
5457 5458 T
5458 5459 C
5459 5460 C
256 5461 C
5461 5462 C
5462 5463 T
5463 5464 A
5464 5465 T
5465 5466 T
5466 5467 C
5467 5468 G
5468 5469 A
5469 5470 A
5470 5471 T
5471 5472 C
5472 5473 T
5473 5474 A
5474 5475 A
5475 5476 T
5476 5477 T
5477 5478 C
5478 5479 A
5479 5480 C
5480 5481 G
5481 5482 G
5482 5483 A
5483 5484 C
5484 5485 C
5485 5486 A
5486 5487 A
5487 5488 G
5488 5489 G
5489 5490 T
5490 5491 T
5491 5492 C
5492 5493 C
5493 5494 T
5494 5495 T
5495 5496 C
5496 5497 A
5497 5498 G
5498 5499 C
5499 5500 G
5500 5501 C
5501 5502 G
5502 5503 A
5503 5504 T
5504 5505 C
5505 5506 T
5506 5507 C
5507 5508 C
5508 5509 C
5509 5510 C
5510 5511 C
5511 5512 T
5512 5513 G
5513 5514 C
5514 5515 A
5515 5516 A
5516 5517 A
5517 5518 T
5518 5519 A
5519 5520 A
5520 5521 C
5521 5522 A
5522 5523 C
5523 5524 T
5524 5525 T
5525 5526 C
5526 5527 A
5527 5528 C
5528 5529 T
5529 5530 G
5530 5531 A
5531 5532 G
5532 5533 C
5533 5534 G
5534 5535 C
5535 5536 T
5536 5537 G
5537 5538 C
5538 5539 T
5539 5540 C
5540 5541 C
5541 5542 A
5542 5543 C
5543 5544 C
5544 5545 G
5545 5546 C
5546 5547 T
5547 5548 G
5548 5549 G
5549 5550 T
5550 5551 A
5551 5552 G
5552 5553 A
3574 5554 G
5554 5555 G
5555 5556 T
5556 5557 G
5557 5558 G
5558 5559 T
5559 5560 C
5560 5561 G
5561 5562 C
5562 5563 G
5563 5564 A
5564 5565 G
5565 5566 C
5566 5567 G
5567 5568 G
5568 5569 C
5569 5570 C
5570 5571 T
5571 5572 C
5572 5573 T
5573 5574 C
5574 5575 T
5575 5576 C
5576 5577 G
5577 5578 G
5578 5579 T
5579 5580 C
5580 5581 C
5581 5582 A
5582 5583 C
5583 5584 G
5584 5585 A
5585 5586 A
5586 5587 G
5587 5588 C
5588 5589 G
5589 5590 C
5590 5591 G
5591 5592 T
5592 5593 C
5593 5594 A
5594 5595 C
5595 5596 C
5596 5597 T
5597 5598 A
5598 5599 C
5599 5600 T
5600 5601 T
5601 5602 A
5602 5603 G
5603 5604 T
5604 5605 T
5605 5606 T
5606 5607 C
5607 5608 T
5608 5609 T
5609 5610 C
5610 5611 T
5611 5612 T
5612 5613 A
5613 5614 G
5614 5615 T
5615 5616 G
5616 5617 G
5617 5618 G
5618 5619 A
5619 5620 C
5620 5621 A
5621 5622 C
5622 5623 G
5623 5624 G
5624 5625 A
5625 5626 C
5626 5627 T
5627 5628 T
5628 5629 G
5629 5630 T
2091 5631 T
5631 5632 C
5632 5633 C
5633 5634 G
5634 5635 A
5635 5636 A
5636 5637 C
5637 5638 G
5638 5639 C
5639 5640 A
5640 5641 A
5641 5642 T
5642 5643 C
5643 5644 G
5644 5645 A
5645 5646 G
5646 5647 G
5647 5648 G
5648 5649 C
5649 5650 A
5650 5651 C
5651 5652 C
5652 5653 C
5653 5654 A
5654 5655 C
5655 5656 C
5656 5657 G
5657 5658 T
5658 5659 T
5659 5660 A
5660 5661 A
5661 5662 A
5662 5663 T
5663 5664 C
5664 5665 C
5665 5666 G
5666 5667 G
5667 5668 C
5668 5669 T
5669 5670 A
5670 5671 C
5671 5672 T
5672 5673 G
5673 5674 A
5674 5675 C
5675 5676 A
5676 5677 A
5677 5678 G
5678 5679 A
5679 5680 G
5680 5681 G
5681 5682 G
5682 5683 G
5683 5684 A
5684 5685 C
5685 5686 A
5686 5687 T
5687 5688 T
5688 5689 G
5689 5690 T
5690 5691 G
5691 5692 T
5692 5693 A
5693 5694 C
5694 5695 C
5695 5696 C
5696 5697 G
5697 5698 C
5698 5699 C
5699 5700 A
5700 5701 G
5701 5702 G
5702 5703 C
5703 5704 T
5704 5705 T
5705 5706 C
5706 5707 A
5707 5708 A
5708 5709 T
5709 5710 A
5710 5711 T
5711 5712 T
5712 5713 C
255 5714 T
5714 5715 G
5715 5716 T
5716 5717 T
5717 5718 A
5718 5719 G
5719 5720 T
5720 5721 G
5721 5722 G
5722 5723 C
5723 5724 G
5724 5725 C
5725 5726 A
5726 5727 T
5727 5728 A
5728 5729 G
5729 5730 G
5730 5731 T
5731 5732 T
5732 5733 G
5733 5734 A
5734 5735 A
5735 5736 T
5736 5737 A
5737 5738 G
5738 5739 C
5739 5740 T
5740 5741 T
5741 5742 A
5742 5743 T
5743 5744 T
5744 5745 G
5745 5746 C
5746 5747 G
5747 5748 A
5748 5749 G
5749 5750 T
5750 5751 A
5751 5752 C
5752 5753 A
5753 5754 A
5754 5755 T
5755 5756 G
5756 5757 C
5757 5758 G
5758 5759 A
5759 5760 C
5760 5761 A
5761 5762 A
5762 5763 C
5763 5764 T
5764 5765 C
5765 5766 G
5766 5767 T
5767 5768 C
5768 5769 A
5769 5770 C
5770 5771 C
5771 5772 C
5772 5773 G
5773 5774 T
5774 5775 G
5775 5776 T
5776 5777 T
5777 5778 T
5778 5779 C
5779 5780 C
5780 5781 T
5781 5782 C
5782 5783 C
5783 5784 G
5784 5785 G
5785 5786 C
5786 5787 C
5787 5788 G
5788 5789 C
5789 5790 G
5790 5791 A
5791 5792 G
5792 5793 C
5793 5794 G
5794 5795 G
3483 5796 C
5796 5797 A
5797 5798 G
5798 5799 T
5799 5800 G
5800 5801 C
5801 5802 A
5802 5803 A
5803 5804 T
5804 5805 C
5805 5806 C
5806 5807 A
5807 5808 A
5808 5809 T
5809 5810 A
5810 5811 A
5811 5812 C
5812 5813 A
5813 5814 G
5814 5815 C
5815 5816 T
5816 5817 T
5817 5818 T
5818 5819 A
5819 5820 A
5820 5821 G
5821 5822 G
5822 5823 A
5823 5824 G
5824 5825 A
5825 5826 T
5826 5827 T
5827 5828 T
5828 5829 C
5829 5830 C
5830 5831 T
5831 5832 A
5832 5833 T
5833 5834 T
5834 5835 G
5835 5836 T
5836 5837 G
5837 5838 T
5838 5839 C
5839 5840 T
5840 5841 T
5841 5842 G
5842 5843 G
5843 5844 A
5844 5845 G
5845 5846 C
5846 5847 G
5847 5848 C
5848 5849 T
5849 5850 T
5850 5851 A
5851 5852 C
5852 5853 A
5853 5854 C
5854 5855 T
5855 5856 G
5856 5857 T
5857 5858 C
5858 5859 T
5859 5860 G
5860 5861 G
5861 5862 A
5862 5863 C
5863 5864 A
5864 5865 T
5865 5866 C
5866 5867 A
5867 5868 A
5868 5869 C
5869 5870 G
5870 5871 T
5871 5872 T
5872 5873 G
5873 5874 A
5874 5875 G
3124 5876 C
5876 5877 G
5877 5878 G
5878 5879 G
5879 5880 T
5880 5881 A
5881 5882 C
5882 5883 T
5883 5884 A
5884 5885 C
5885 5886 A
5886 5887 T
5887 5888 G
5888 5889 C
5889 5890 C
5890 5891 C
5891 5892 T
5892 5893 A
5893 5894 G
5894 5895 T
5895 5896 T
5896 5897 T
5897 5898 A
5898 5899 A
5899 5900 T
5900 5901 G
5901 5902 C
5902 5903 A
5903 5904 T
5904 5905 G
5905 5906 A
5906 5907 T
5907 5908 C
5908 5909 A
5909 5910 C
5910 5911 G
5911 5912 A
5912 5913 G
5913 5914 T
5914 5915 A
5915 5916 C
5916 5917 T
5917 5918 A
5918 5919 T
5919 5920 C
5920 5921 T
5921 5922 C
5922 5923 T
5923 5924 C
5924 5925 G
5925 5926 A
5926 5927 G
5927 5928 G
5928 5929 C
5929 5930 A
5930 5931 A
5931 5932 A
5932 5933 T
5933 5934 A
5934 5935 A
5935 5936 C
5936 5937 C
5937 5938 C
5938 5939 A
5939 5940 T
5940 5941 C
5941 5942 A
5942 5943 C
5943 5944 C
5944 5945 A
5945 5946 C
5946 5947 C
5947 5948 C
5948 5949 C
5949 5950 G
5950 5951 C
5951 5952 A
5952 5953 T
5953 5954 A
5954 5955 C
5955 5956 T
5956 5957 C
5957 5958 G
5958 5959 C
5959 5960 C
5960 5961 G
5961 5962 G
5962 5963 G
5963 5964 C
5964 5965 C
5965 5966 C
5966 5967 T
5967 5968 C
5968 5969 A
5969 5970 C
5970 5971 C
541 5972 C
5972 5973 T
5973 5974 A
5974 5975 T
5975 5976 T
5976 5977 T
5977 5978 C
5978 5979 G
5979 5980 C
5980 5981 G
5981 5982 A
5982 5983 A
5983 5984 G
5984 5985 G
5985 5986 T
5986 5987 G
5987 5988 C
5988 5989 C
5989 5990 C
5990 5991 C
5991 5992 C
5992 5993 T
5993 5994 G
5994 5995 G
5995 5996 T
5996 5997 A
5997 5998 C
5998 5999 T
5999 6000 G
6000 6001 A
6001 6002 A
6002 6003 G
6003 6004 T
6004 6005 A
6005 6006 G
6006 6007 T
6007 6008 G
6008 6009 C
6009 6010 A
6010 6011 A
6011 6012 A
6012 6013 C
6013 6014 C
6014 6015 G
6015 6016 T
6016 6017 A
6017 6018 C
6018 6019 A
6019 6020 A
6020 6021 A
6021 6022 A
6022 6023 C
6023 6024 C
6024 6025 G
6025 6026 T
6026 6027 T
6027 6028 T
6028 6029 A
6029 6030 A
6030 6031 C
6031 6032 G
6032 6033 T
6033 6034 C
6034 6035 A
6035 6036 T
6036 6037 C
6037 6038 G
6038 6039 G
6039 6040 A
6040 6041 T
6041 6042 A
6042 6043 T
6043 6044 C
6044 6045 A
6045 6046 T
6046 6047 T
6047 6048 A
6048 6049 T
6049 6050 A
6050 6051 A
6051 6052 A
6052 6053 A
6053 6054 A
6054 6055 G
6055 6056 G
6056 6057 T
6057 6058 G
6058 6059 G
6059 6060 A
6060 6061 G
6061 6062 C
6062 6063 G
6063 6064 C
6064 6065 C
6065 6066 T
6066 6067 A
6067 6068 T
6068 6069 A
5018 6070 T
6070 6071 G
6071 6072 A
6072 6073 T
6073 6074 A
6074 6075 A
6075 6076 G
6076 6077 A
6077 6078 C
6078 6079 C
6079 6080 C
6080 6081 C
6081 6082 A
6082 6083 A
6083 6084 A
6084 6085 C
6085 6086 G
6086 6087 C
6087 6088 C
6088 6089 G
6089 6090 G
6090 6091 G
6091 6092 C
6092 6093 C
6093 6094 C
6094 6095 T
6095 6096 T
6096 6097 T
6097 6098 A
6098 6099 C
6099 6100 G
6100 6101 A
6101 6102 T
6102 6103 G
6103 6104 G
6104 6105 T
6105 6106 T
6106 6107 G
6107 6108 T
6108 6109 A
6109 6110 A
6110 6111 T
6111 6112 T
6112 6113 T
6113 6114 T
6114 6115 T
6115 6116 T
6116 6117 C
6117 6118 C
6118 6119 C
6119 6120 T
6120 6121 C
6121 6122 T
6122 6123 T
6123 6124 G
6124 6125 A
6125 6126 T
6126 6127 C
6127 6128 G
6128 6129 C
6129 6130 A
6130 6131 C
6131 6132 C
6132 6133 A
6133 6134 C
6134 6135 G
6135 6136 T
6136 6137 A
6137 6138 T
6138 6139 G
6139 6140 C
6140 6141 A
6141 6142 C
6142 6143 G
6143 6144 A
6144 6145 G
6145 6146 A
6146 6147 C
6147 6148 A
6148 6149 C
6149 6150 C
6150 6151 C
6151 6152 T
6152 6153 C
6153 6154 T
6154 6155 T
6155 6156 C
6156 6157 A
6157 6158 C
6158 6159 A
6159 6160 A
6160 6161 G
2949 6162 A
6162 6163 T
6163 6164 C
6164 6165 T
6165 6166 A
6166 6167 A
6167 6168 G
6168 6169 A
6169 6170 G
6170 6171 C
6171 6172 G
6172 6173 C
6173 6174 C
6174 6175 T
6175 6176 C
6176 6177 G
6177 6178 C
6178 6179 G
6179 6180 T
6180 6181 T
6181 6182 C
6182 6183 G
6183 6184 C
6184 6185 A
6185 6186 C
6186 6187 T
6187 6188 T
6188 6189 A
6189 6190 G
6190 6191 G
6191 6192 C
6192 6193 A
6193 6194 G
6194 6195 A
6195 6196 G
6196 6197 A
6197 6198 A
6198 6199 A
6199 6200 G
6200 6201 A
6201 6202 A
6202 6203 A
6203 6204 G
6204 6205 C
6205 6206 C
6206 6207 C
6207 6208 G
6208 6209 C
6209 6210 T
6210 6211 G
6211 6212 A
6212 6213 G
6213 6214 G
6214 6215 A
6215 6216 C
6216 6217 A
6217 6218 A
6218 6219 A
6219 6220 T
6220 6221 T
6221 6222 G
6222 6223 T
6223 6224 C
6224 6225 A
6225 6226 A
6226 6227 G
6227 6228 T
6228 6229 G
6229 6230 A
6230 6231 A
6231 6232 G
6232 6233 G
6233 6234 G
6234 6235 A
6235 6236 C
6236 6237 A
6237 6238 T
6238 6239 G
6239 6240 G
6240 6241 A
6241 6242 A
6242 6243 C
6243 6244 T
6244 6245 A
6245 6246 T
6246 6247 G
6247 6248 G
6248 6249 G
6249 6250 C
6250 6251 C
6251 6252 G
6252 6253 A
6253 6254 C
6254 6255 G
6255 6256 C
5876 6257 C
6257 6258 G
6258 6259 C
6259 6260 T
6260 6261 A
6261 6262 C
6262 6263 C
6263 6264 A
6264 6265 G
6265 6266 A
6266 6267 A
6267 6268 C
6268 6269 G
6269 6270 A
6270 6271 G
6271 6272 A
6272 6273 G
6273 6274 G
6274 6275 T
6275 6276 G
6276 6277 G
6277 6278 T
6278 6279 G
6279 6280 T
6280 6281 A
6281 6282 A
6282 6283 A
6283 6284 A
6284 6285 C
6285 6286 T
6286 6287 G
6287 6288 A
6288 6289 A
6289 6290 G
6290 6291 A
6291 6292 A
6292 6293 G
6293 6294 T
6294 6295 G
6295 6296 A
6296 6297 C
6297 6298 C
6298 6299 G
6299 6300 T
6300 6301 A
6301 6302 G
6302 6303 G
6303 6304 C
6304 6305 C
6305 6306 A
6306 6307 C
6307 6308 T
6308 6309 C
6309 6310 A
6310 6311 T
6311 6312 G
6312 6313 C
6313 6314 C
6314 6315 A
6315 6316 A
6316 6317 T
6317 6318 G
6318 6319 C
6319 6320 T
6320 6321 G
6321 6322 A
6322 6323 C
6323 6324 C
6324 6325 T
6325 6326 C
6326 6327 C
6327 6328 T
6328 6329 C
6329 6330 G
6330 6331 A
6331 6332 A
6332 6333 A
6333 6334 G
173 6335 T
6335 6336 G
6336 6337 C
6337 6338 A
6338 6339 C
6339 6340 C
6340 6341 A
6341 6342 C
6342 6343 A
6343 6344 C
6344 6345 G
6345 6346 G
6346 6347 C
6347 6348 T
6348 6349 C
6349 6350 G
6350 6351 T
6351 6352 T
6352 6353 C
6353 6354 G
6354 6355 C
6355 6356 A
6356 6357 T
6357 6358 G
6358 6359 A
6359 6360 T
6360 6361 A
6361 6362 A
6362 6363 T
6363 6364 T
6364 6365 T
6365 6366 C
6366 6367 T
6367 6368 C
6368 6369 C
6369 6370 G
6370 6371 A
6371 6372 G
6372 6373 T
6373 6374 A
6374 6375 G
6375 6376 T
6376 6377 T
6377 6378 C
6378 6379 A
6379 6380 G
6380 6381 G
6381 6382 C
6382 6383 C
6383 6384 G
6384 6385 A
6385 6386 C
6386 6387 T
6387 6388 G
6388 6389 G
6389 6390 G
6390 6391 C
6391 6392 T
6392 6393 T
6393 6394 T
6394 6395 C
6395 6396 T
6396 6397 A
6397 6398 A
6398 6399 C
6399 6400 C
6400 6401 C
6401 6402 T
6402 6403 A
6403 6404 G
6404 6405 C
6405 6406 G
6406 6407 T
6407 6408 A
6408 6409 G
6409 6410 T
6410 6411 A
6411 6412 G
6412 6413 T
6413 6414 G
6414 6415 A
6415 6416 C
6416 6417 G
6417 6418 T
6418 6419 T
6419 6420 G
6420 6421 G
6421 6422 G
6422 6423 T
6423 6424 C
6424 6425 G
6425 6426 T
6426 6427 C
3654 6428 A
6428 6429 C
6429 6430 C
6430 6431 A
6431 6432 G
6432 6433 C
6433 6434 T
6434 6435 C
6435 6436 T
6436 6437 T
6437 6438 G
6438 6439 T
6439 6440 C
6440 6441 G
6441 6442 A
6442 6443 C
6443 6444 A
6444 6445 T
6445 6446 C
6446 6447 T
6447 6448 C
6448 6449 T
6449 6450 A
6450 6451 A
6451 6452 A
6452 6453 C
6453 6454 G
6454 6455 G
6455 6456 T
6456 6457 T
6457 6458 C
6458 6459 C
6459 6460 T
6460 6461 T
6461 6462 T
6462 6463 A
6463 6464 G
6464 6465 C
6465 6466 A
6466 6467 T
6467 6468 A
6468 6469 C
6469 6470 T
6470 6471 A
6471 6472 A
6472 6473 C
6473 6474 A
6474 6475 T
6475 6476 T
6476 6477 G
6477 6478 T
6478 6479 G
6479 6480 C
6480 6481 C
6481 6482 T
6482 6483 C
6483 6484 T
6484 6485 C
6485 6486 T
6486 6487 T
6487 6488 T
6488 6489 G
6489 6490 C
6490 6491 G
6491 6492 G
6492 6493 G
6493 6494 G
6494 6495 A
6495 6496 A
6496 6497 C
6497 6498 A
6498 6499 C
6499 6500 T
6500 6501 T
6501 6502 T
6502 6503 A
6503 6504 A
6504 6505 A
6505 6506 C
6506 6507 G
6507 6508 G
5714 6509 T
6509 6510 C
6510 6511 C
6511 6512 T
6512 6513 G
6513 6514 T
6514 6515 T
6515 6516 A
6516 6517 A
6517 6518 A
6518 6519 T
6519 6520 T
6520 6521 C
6521 6522 A
6522 6523 A
6523 6524 A
6524 6525 G
6525 6526 C
6526 6527 A
6527 6528 T
6528 6529 T
6529 6530 C
6530 6531 A
6531 6532 G
6532 6533 T
6533 6534 G
6534 6535 T
6535 6536 C
6536 6537 A
6537 6538 C
6538 6539 G
6539 6540 T
6540 6541 T
6541 6542 A
6542 6543 C
6543 6544 A
6544 6545 C
6545 6546 T
6546 6547 A
6547 6548 G
6548 6549 T
6549 6550 C
6550 6551 T
6551 6552 A
6552 6553 T
6553 6554 G
6554 6555 A
6555 6556 C
6556 6557 A
6557 6558 T
6558 6559 T
6559 6560 T
6560 6561 A
6561 6562 A
6562 6563 T
6563 6564 C
6564 6565 T
6565 6566 C
6566 6567 A
6567 6568 G
6568 6569 G
6569 6570 A
6570 6571 A
6571 6572 A
6572 6573 C
6573 6574 A
6574 6575 C
6575 6576 A
6576 6577 G
6577 6578 T
6578 6579 C
6579 6580 G
6580 6581 T
6581 6582 G
6582 6583 G
6583 6584 G
6584 6585 T
6585 6586 C
6586 6587 G
6587 6588 A
6588 6589 C
6589 6590 A
6590 6591 G
6591 6592 T
6592 6593 G
6593 6594 G
6594 6595 A
6595 6596 C
6596 6597 G
6597 6598 T
6598 6599 T
6599 6600 C
6600 6601 T
6601 6602 C
6602 6603 A
6603 6604 T
6604 6605 C
6605 6606 C
6510 6607 T
6607 6608 A
6608 6609 G
6609 6610 T
6610 6611 A
6611 6612 A
6612 6613 T
6613 6614 A
6614 6615 A
6615 6616 C
6616 6617 G
6617 6618 G
6618 6619 C
6619 6620 T
6620 6621 C
6621 6622 G
6622 6623 T
6623 6624 A
6624 6625 T
6625 6626 G
6626 6627 C
6627 6628 A
6628 6629 G
6629 6630 A
6630 6631 G
6631 6632 G
6632 6633 C
6633 6634 C
6634 6635 T
6635 6636 A
6636 6637 T
6637 6638 C
6638 6639 A
6639 6640 C
6640 6641 G
6641 6642 T
6642 6643 A
6643 6644 C
6644 6645 T
6645 6646 G
6646 6647 A
6647 6648 T
6648 6649 G
6649 6650 A
6650 6651 A
6651 6652 A
6652 6653 C
6653 6654 T
6654 6655 A
6655 6656 G
6656 6657 A
6657 6658 T
6658 6659 G
6659 6660 T
6660 6661 A
6661 6662 G
6662 6663 T
6663 6664 C
6664 6665 C
6665 6666 G
6666 6667 T
6667 6668 A
6668 6669 G
6669 6670 T
6670 6671 A
6671 6672 T
6672 6673 A
6673 6674 C
6674 6675 G
6675 6676 G
6676 6677 T
6677 6678 G
6678 6679 C
6679 6680 G
6680 6681 A
6681 6682 C
6682 6683 G
6683 6684 C
6684 6685 T
6685 6686 T
6686 6687 C
6687 6688 C
6688 6689 G
6689 6690 G
6690 6691 G
6691 6692 A
6692 6693 G
6693 6694 T
1440 6695 T
6695 6696 A
6696 6697 G
6697 6698 A
6698 6699 G
6699 6700 T
6700 6701 G
6701 6702 T
6702 6703 A
6703 6704 G
6704 6705 T
6705 6706 A
6706 6707 A
6707 6708 A
6708 6709 T
6709 6710 G
6710 6711 G
6711 6712 C
6712 6713 C
6713 6714 A
6714 6715 T
6715 6716 G
6716 6717 C
6717 6718 C
6718 6719 T
6719 6720 G
6720 6721 T
6721 6722 C
6722 6723 G
6723 6724 T
6724 6725 A
6725 6726 C
6726 6727 T
6727 6728 T
6728 6729 C
6729 6730 C
6730 6731 C
6731 6732 C
6732 6733 C
6733 6734 C
6734 6735 T
6735 6736 A
6736 6737 A
6737 6738 T
6738 6739 T
6739 6740 T
6740 6741 C
6741 6742 T
6742 6743 C
6743 6744 A
6744 6745 A
6745 6746 A
6746 6747 C
6747 6748 G
6748 6749 T
6749 6750 C
6750 6751 G
6751 6752 C
6752 6753 G
6753 6754 C
6754 6755 C
6755 6756 T
6756 6757 A
6757 6758 T
6758 6759 T
6759 6760 G
6760 6761 C
6761 6762 G
6762 6763 G
6763 6764 A
6764 6765 A
6765 6766 T
6766 6767 T
6767 6768 A
6768 6769 A
6769 6770 C
6770 6771 A
6771 6772 C
6772 6773 T
6773 6774 G
6774 6775 T
6775 6776 C
6776 6777 G
6777 6778 T
6778 6779 C
6779 6780 G
6780 6781 C
6781 6782 G
6782 6783 C
6783 6784 A
6784 6785 C
6785 6786 A
6786 6787 G
6787 6788 T
6788 6789 A
6789 6790 A
6790 6791 T
6791 6792 C
542 6793 A
6793 6794 G
6794 6795 C
6795 6796 T
6796 6797 G
6797 6798 T
6798 6799 C
6799 6800 C
6800 6801 C
6801 6802 A
6802 6803 T
6803 6804 T
6804 6805 A
6805 6806 T
6806 6807 A
6807 6808 C
6808 6809 C
6809 6810 C
6810 6811 C
6811 6812 T
6812 6813 G
6813 6814 A
6814 6815 G
6815 6816 A
6816 6817 T
6817 6818 C
6818 6819 G
6819 6820 C
6820 6821 T
6821 6822 A
6822 6823 T
6823 6824 A
6824 6825 T
6825 6826 G
6826 6827 G
6827 6828 G
6828 6829 G
6829 6830 C
6830 6831 A
6831 6832 T
6832 6833 A
6833 6834 A
6834 6835 T
6835 6836 G
6836 6837 C
6837 6838 G
6838 6839 T
6839 6840 A
6840 6841 T
6841 6842 A
6842 6843 G
6843 6844 G
6844 6845 C
6845 6846 T
6846 6847 A
6847 6848 G
6848 6849 A
6849 6850 T
6850 6851 G
6851 6852 G
6852 6853 G
6853 6854 A
6854 6855 G
6855 6856 T
6856 6857 C
6857 6858 G
6858 6859 C
6859 6860 C
6860 6861 C
6861 6862 T
6862 6863 C
6863 6864 G
6864 6865 G
6865 6866 G
6866 6867 G
6867 6868 G
6868 6869 A
6869 6870 C
6870 6871 G
6871 6872 G
6872 6873 G
6873 6874 G
6874 6875 T
6875 6876 T
6876 6877 T
6877 6878 T
448 6879 T
6879 6880 C
6880 6881 C
6881 6882 T
6882 6883 C
6883 6884 C
6884 6885 C
6885 6886 C
6886 6887 G
6887 6888 A
6888 6889 C
6889 6890 C
6890 6891 G
6891 6892 G
6892 6893 T
6893 6894 A
6894 6895 A
6895 6896 C
6896 6897 T
6897 6898 T
6898 6899 C
6899 6900 A
6900 6901 A
6901 6902 A
6902 6903 G
6903 6904 T
6904 6905 C
6905 6906 A
6906 6907 A
6907 6908 C
6908 6909 T
6909 6910 G
6910 6911 T
6911 6912 A
6912 6913 G
6913 6914 C
6914 6915 G
6915 6916 G
6916 6917 G
6917 6918 C
6918 6919 T
6919 6920 T
6920 6921 A
6921 6922 A
6922 6923 A
6923 6924 C
6924 6925 A
6925 6926 A
6926 6927 A
6927 6928 T
6928 6929 C
6929 6930 A
6930 6931 T
6931 6932 T
6932 6933 T
6933 6934 A
6934 6935 C
6935 6936 T
6936 6937 G
6937 6938 C
6938 6939 G
6939 6940 A
6940 6941 G
6941 6942 C
6942 6943 C
6943 6944 T
6944 6945 A
6945 6946 C
6946 6947 T
6947 6948 C
6948 6949 C
6949 6950 A
6950 6951 T
6951 6952 A
6952 6953 G
6953 6954 C
6954 6955 G
6955 6956 G
6956 6957 T
6957 6958 G
6958 6959 A
6959 6960 A
6960 6961 A
6961 6962 C
6962 6963 G
6963 6964 T
3212 6965 C
6965 6966 G
6966 6967 C
6967 6968 A
6968 6969 T
6969 6970 A
6970 6971 T
6971 6972 T
6972 6973 A
6973 6974 C
6974 6975 T
6975 6976 G
6976 6977 G
6977 6978 T
6978 6979 G
6979 6980 C
6980 6981 C
6981 6982 C
6982 6983 C
6983 6984 T
6984 6985 G
6985 6986 C
6986 6987 T
6987 6988 T
6988 6989 C
6989 6990 G
6990 6991 G
6991 6992 G
6992 6993 C
6993 6994 G
6994 6995 G
6995 6996 G
6996 6997 G
6997 6998 A
6998 6999 A
6999 7000 G
7000 7001 T
7001 7002 A
7002 7003 A
7003 7004 C
7004 7005 T
7005 7006 C
7006 7007 A
7007 7008 A
7008 7009 A
7009 7010 A
7010 7011 G
7011 7012 A
7012 7013 A
7013 7014 A
7014 7015 A
7015 7016 A
7016 7017 T
7017 7018 A
7018 7019 C
7019 7020 C
7020 7021 T
7021 7022 A
7022 7023 A
7023 7024 G
7024 7025 A
7025 7026 C
7026 7027 T
7027 7028 A
7028 7029 C
7029 7030 A
7030 7031 T
7031 7032 A
7032 7033 A
7033 7034 A
7034 7035 A
7035 7036 C
7036 7037 G
7037 7038 A
7038 7039 A
7039 7040 G
7040 7041 C
7041 7042 G
7042 7043 T
7043 7044 G
7044 7045 G
7045 7046 A
7046 7047 T
7047 7048 A
7048 7049 T
5715 7050 G
7050 7051 T
7051 7052 A
7052 7053 G
7053 7054 C
7054 7055 T
7055 7056 T
7056 7057 T
7057 7058 A
7058 7059 A
7059 7060 C
7060 7061 G
7061 7062 A
7062 7063 G
7063 7064 T
7064 7065 T
7065 7066 C
7066 7067 T
7067 7068 C
7068 7069 C
7069 7070 T
7070 7071 T
7071 7072 T
7072 7073 G
7073 7074 A
7074 7075 A
7075 7076 C
7076 7077 A
7077 7078 A
7078 7079 C
7079 7080 G
7080 7081 T
7081 7082 C
7082 7083 G
7083 7084 T
7084 7085 G
7085 7086 T
7086 7087 G
7087 7088 C
7088 7089 A
7089 7090 C
7090 7091 G
7091 7092 G
7092 7093 T
7093 7094 T
7094 7095 A
7095 7096 G
7096 7097 C
7097 7098 G
7098 7099 G
7099 7100 C
7100 7101 T
7101 7102 C
7102 7103 A
7103 7104 T
7104 7105 T
7105 7106 G
7106 7107 A
7107 7108 G
7108 7109 T
7109 7110 C
7110 7111 A
7111 7112 G
7112 7113 A
7113 7114 G
7114 7115 G
7115 7116 G
7116 7117 T
7117 7118 G
7118 7119 C
7119 7120 C
7120 7121 G
7121 7122 C
7122 7123 C
7123 7124 C
7124 7125 A
7125 7126 A
7126 7127 T
7127 7128 C
7128 7129 C
7129 7130 T
7130 7131 G
7131 7132 G
7132 7133 G
7133 7134 A
7134 7135 T
7135 7136 C
7136 7137 T
7137 7138 A
7138 7139 A
7139 7140 A
7140 7141 A
7141 7142 A
7142 7143 G
7143 7144 A
723 7145 C
7145 7146 T
7146 7147 C
7147 7148 C
7148 7149 T
7149 7150 C
7150 7151 A
7151 7152 C
7152 7153 A
7153 7154 A
7154 7155 A
7155 7156 C
7156 7157 C
7157 7158 C
7158 7159 C
7159 7160 T
7160 7161 T
7161 7162 G
7162 7163 T
7163 7164 T
7164 7165 A
7165 7166 A
7166 7167 A
7167 7168 C
7168 7169 G
7169 7170 T
7170 7171 G
7171 7172 G
7172 7173 A
7173 7174 C
7174 7175 C
7175 7176 C
7176 7177 T
7177 7178 G
7178 7179 G
7179 7180 C
7180 7181 G
7181 7182 G
7182 7183 T
7183 7184 G
7184 7185 G
7185 7186 G
7186 7187 G
7187 7188 C
7188 7189 C
7189 7190 A
7190 7191 T
7191 7192 A
7192 7193 G
7193 7194 A
7194 7195 T
7195 7196 T
7196 7197 G
7197 7198 A
7198 7199 T
7199 7200 G
7200 7201 G
7201 7202 T
7202 7203 G
7203 7204 C
7204 7205 G
7205 7206 C
7206 7207 G
7207 7208 C
7208 7209 G
7209 7210 T
7210 7211 C
7211 7212 A
7212 7213 T
7213 7214 C
7214 7215 C
7215 7216 G
7216 7217 C
7217 7218 C
7218 7219 G
7219 7220 G
7220 7221 G
7221 7222 A
7222 7223 T
7223 7224 A
7224 7225 T
7225 7226 T
7226 7227 T
7227 7228 G
7228 7229 T
5716 7230 A
7230 7231 A
7231 7232 C
7232 7233 T
7233 7234 A
7234 7235 T
7235 7236 T
7236 7237 G
7237 7238 T
7238 7239 A
7239 7240 C
7240 7241 G
7241 7242 A
7242 7243 A
7243 7244 A
7244 7245 G
7245 7246 G
7246 7247 G
7247 7248 A
7248 7249 A
7249 7250 G
7250 7251 T
7251 7252 C
7252 7253 G
7253 7254 T
7254 7255 T
7255 7256 G
7256 7257 C
7257 7258 G
7258 7259 G
7259 7260 T
7260 7261 C
7261 7262 T
7262 7263 G
7263 7264 A
7264 7265 C
7265 7266 T
7266 7267 T
7267 7268 T
7268 7269 G
7269 7270 A
7270 7271 C
7271 7272 T
7272 7273 A
7273 7274 T
7274 7275 T
7275 7276 C
7276 7277 C
7277 7278 T
7278 7279 C
7279 7280 T
7280 7281 C
7281 7282 C
7282 7283 A
7283 7284 G
7284 7285 T
7285 7286 T
7286 7287 A
7287 7288 T
7288 7289 G
7289 7290 A
7290 7291 A
7291 7292 C
7292 7293 G
7293 7294 A
7294 7295 T
7295 7296 A
7296 7297 G
7297 7298 A
7298 7299 C
7299 7300 G
7300 7301 C
7301 7302 C
7302 7303 T
7303 7304 G
7304 7305 C
7305 7306 A
7306 7307 T
7307 7308 G
7308 7309 T
7309 7310 G
7310 7311 T
7311 7312 T
7312 7313 C
7313 7314 C
7314 7315 T
7315 7316 G
637 7317 A
7317 7318 A
7318 7319 C
7319 7320 A
7320 7321 C
7321 7322 G
7322 7323 A
7323 7324 G
7324 7325 T
7325 7326 C
7326 7327 G
7327 7328 T
7328 7329 T
7329 7330 C
7330 7331 A
7331 7332 G
7332 7333 G
7333 7334 T
7334 7335 C
7335 7336 T
7336 7337 G
7337 7338 C
7338 7339 C
7339 7340 C
7340 7341 G
7341 7342 G
7342 7343 A
7343 7344 A
7344 7345 T
7345 7346 C
7346 7347 C
7347 7348 T
7348 7349 C
7349 7350 C
7350 7351 C
7351 7352 G
7352 7353 C
7353 7354 G
7354 7355 A
7355 7356 T
7356 7357 G
7357 7358 T
7358 7359 T
7359 7360 T
7360 7361 G
7361 7362 A
7362 7363 G
7363 7364 A
7364 7365 T
7365 7366 A
7366 7367 T
7367 7368 C
7368 7369 A
7369 7370 C
7370 7371 G
7371 7372 T
7372 7373 C
7373 7374 G
7374 7375 T
7375 7376 C
7376 7377 T
7377 7378 T
7378 7379 G
7379 7380 T
7380 7381 G
7381 7382 C
7382 7383 A
7383 7384 G
7384 7385 A
7385 7386 G
7386 7387 T
7387 7388 G
7388 7389 A
7389 7390 A
7390 7391 G
7391 7392 T
7392 7393 G
723 7394 T
7394 7395 A
7395 7396 G
7396 7397 G
7397 7398 C
7398 7399 G
7399 7400 G
7400 7401 A
7401 7402 G
7402 7403 A
7403 7404 G
7404 7405 A
7405 7406 A
7406 7407 T
7407 7408 C
7408 7409 C
7409 7410 T
7410 7411 A
7411 7412 A
7412 7413 A
7413 7414 C
7414 7415 G
7415 7416 G
7416 7417 T
7417 7418 A
7418 7419 A
7419 7420 G
7420 7421 G
7421 7422 C
7422 7423 C
7423 7424 C
7424 7425 A
7425 7426 G
7426 7427 G
7427 7428 C
7428 7429 G
7429 7430 C
7430 7431 C
7431 7432 G
7432 7433 T
7433 7434 C
7434 7435 T
7435 7436 A
7436 7437 C
7437 7438 G
7438 7439 T
7439 7440 T
7440 7441 G
7441 7442 G
7442 7443 G
7443 7444 A
7444 7445 G
7445 7446 C
7446 7447 G
7447 7448 C
7448 7449 G
7449 7450 A
7450 7451 G
7451 7452 A
7452 7453 G
7453 7454 C
7454 7455 G
7455 7456 G
7456 7457 A
7457 7458 A
7458 7459 A
7459 7460 A
7460 7461 C
7461 7462 C
7462 7463 A
7463 7464 T
7464 7465 T
7465 7466 G
7466 7467 A
7467 7468 A
7468 7469 C
7469 7470 T
7470 7471 C
