LOGCNT:447
MATCHCNT:429
429
16/11/20, 00:54:26: ( -33| -19) [    9   35    8   34][    86/   675]-Perk: 0,-res:     0,bal:    86,cumbal:     86
16/11/20, 14:41:21: ( -31| -11) [    0    1    0    0][     1/   675]-Perk: 0,-res:     0,bal:     1,cumbal:     87
16/11/20, 15:22:40: ( -31| -11) [    0    2    0    0][     2/   675]-Perk: 0,-res:     0,bal:     2,cumbal:     89
16/11/20, 15:56:56: ( -31| -11) [    1    2    1    1][     5/   675]-Perk: 0,-res:     0,bal:     5,cumbal:     94
16/11/20, 18:52:52: ( -31| -11) [    6   22    6    5][    39/   300]-Perk: 0,-res:     0,bal:    39,cumbal:    133
16/11/20, 18:53:34: ( -33| -19) [    1    4    1    4][    10/   375]-Perk: 0,-res:     0,bal:    10,cumbal:    143
16/11/21, 12:40:36: ( -23| -23) [   32   32  129   32][   225/   225]-Perk: 0,-res:     0,bal:   225,cumbal:    368
16/11/21, 12:43:34: ( -37| -18) [   22   89   22   22][   155/   225]-Perk: 0,-res:     0,bal:   155,cumbal:    523
16/11/21, 12:46:41: ( -37| -10) [   16   16   64   64][   160/   225]-Perk: 0,-res:     0,bal:   160,cumbal:    683
16/11/21, 13:30:32: ( -23| -23) [   12   12   46   12][    82/   675]-Perk: 0,-res:     0,bal:    82,cumbal:    765
16/11/22, 02:07:42: ( -30| -11) [   64  258   64  258][   644/  1275]-Perk: 0,-res:     0,bal:   644,cumbal:   1409
16/11/22, 10:26:08: ( -30| -11) [   33  133   33  133][   332/   750]-Perk: 0,-res:     0,bal:   332,cumbal:   1741
16/11/22, 10:28:35: ( -34| -15) [   14   54   14   54][   136/  1275]-Perk: 0,-res:     0,bal:   136,cumbal:   1877
16/11/22, 10:58:02: ( -33| -19) [    2    8    2    8][    20/   750]-Perk: 0,-res:     0,bal:    20,cumbal:   1897
16/11/22, 11:00:50: ( -23| -23) [   11   11   44   11][    77/   675]-Perk: 0,-res:     0,bal:    77,cumbal:   1974
16/11/22, 11:04:22: ( -37| -19) [   19   74   19   74][   186/   750]-Perk: 0,-res:     0,bal:   186,cumbal:   2160
16/11/22, 11:31:42: ( -30| -11) [   22   88   22   88][   220/   525]-Perk: 0,-res:     0,bal:   220,cumbal:   2380
