Option [-c-12,1,,-58,-5,,1,-39]
Option [-u10]
Option [-t14:27:50,14:16:31]
Option [-d]
City [-12 1]
City [-58 -5]
City [1 -39]
Server speed: x1, Unit-speed: 10.
-12|1 => -58|-5
-12|1 => 1|-39
Slow-dist-01: 20, Arena-dist-01: 26.3896540189728
Slow-dist-02: 20, Arena-dist-02: 22.0594816896262
Arena lvl =  0:   04:38:20  04:12:21  00:25:58  00:14:39
Arena lvl =  1:   04:23:56  04:00:19  00:23:37  00:12:18
Arena lvl =  2:   04:11:56  03:50:17  00:21:39  00:10:20
Arena lvl =  3:   04:01:47  03:41:48  00:19:59  00:08:40
Arena lvl =  4:   03:53:05  03:34:32  00:18:33  00:07:14
Arena lvl =  5:   03:45:33  03:28:14  00:17:19  00:06:00
Arena lvl =  6:   03:38:57  03:22:43  00:16:14  00:04:55
Arena lvl =  7:   03:33:08  03:17:51  00:15:16  00:03:57
Arena lvl =  8:   03:27:57  03:13:31  00:14:26  00:03:07
Arena lvl =  9:   03:23:20  03:09:39  00:13:40  00:02:21
Arena lvl = 10:   03:19:10  03:06:10  00:12:59  00:01:40
Arena lvl = 11:   03:15:23  03:03:01  00:12:22  00:01:03
Arena lvl = 12:   03:11:58  03:00:09  00:11:48  00:00:29
Arena lvl = 13:   03:08:50  02:57:32  00:11:17  00:00:01
Arena lvl = 14:   03:05:58  02:55:08  00:10:49  00:00:29
Arena lvl = 15:   03:03:20  02:52:56  00:10:23  00:00:55
Arena lvl = 16:   03:00:53  02:50:54  00:09:59  00:01:19
Arena lvl = 17:   02:58:38  02:49:01  00:09:37  00:01:41
Arena lvl = 18:   02:56:32  02:47:16  00:09:16  00:02:02
Arena lvl = 19:   02:54:35  02:45:38  00:08:57  00:02:21
Arena lvl = 20:   02:52:46  02:44:07  00:08:39  00:02:39
