Daugiagrūdžiai
Atstumas 	Koordinatės 	Tipas 	Oazė 	Užimtas nuo 	Aljansas
16.6 	‭(‭−‭141‬‬|‭39‬)‬		15-grūdžai 	
‭+‭100‬%‬
	---- 	nėra
19.7 	‭(‭−‭167‬‬|‭35‬)‬		15-grūdžai 	
‭+‭125‬%‬
	---- 	nėra
23.8 	‭(‭−‭128‬‬|‭16‬)‬		15-grūdžai 	
‭+‭100‬%‬
	---- 	nėra
29.4 	‭(‭−‭141‬‬|‭53‬)‬		15-grūdžai 	
‭+‭100‬%‬
	---- 	nėra
31 	‭(‭−‭121‬‬|‭36‬)‬		15-grūdžai 	
‭+‭150‬%‬
	Kylavanem 	E.W.
40.6 	‭(‭−‭143‬‬|‭−‭15‬‬)‬		15-grūdžai 	
‭+‭100‬%‬
	---- 	nėra
42.1 	‭(‭−‭153‬‬|‭67‬)‬		15-grūdžai 	
‭+‭125‬%‬
	---- 	nėra
47.4 	‭(‭−‭182‬‬|‭60‬)‬		15-grūdžai 	
‭+‭125‬%‬
	---- 	nėra
52.8 	‭(‭−‭159‬‬|‭77‬)‬		15-grūdžai 	
‭+‭100‬%‬
	---- 	nėra
53.6 	‭(‭−‭98‬‬|‭12‬)‬		15-grūdžai 	
‭+‭100‬%‬
	---- 	nėra
57.7 	‭(‭−‭159‬‬|‭−‭32‬‬)‬		15-grūdžai 	
‭+‭100‬%‬
	Odysseus 	E.W.
58.2 	‭(‭−‭174‬‬|‭−‭28‬‬)‬		15-grūdžai 	
‭+‭125‬%‬
	Odysseus 	E.W.
59.2 	‭(‭−‭91‬‬|‭20‬)‬		15-grūdžai 	
‭+‭100‬%‬
	---- 	nėra
61.2 	‭(‭−‭162‬‬|‭−‭35‬‬)‬		15-grūdžai 	
‭+‭125‬%‬
	Odysseus 	E.W.
64 	‭(‭−‭110‬‬|‭75‬)‬		15-grūdžai 	
‭+‭125‬%‬
	---- 	nėra
68.2 	‭(‭−‭82‬‬|‭30‬)‬		15-grūdžai 	
‭+‭125‬%‬
	---- 	nėra
68.7 	‭(‭−‭82‬‬|‭35‬)‬		15-grūdžai 	
‭+‭125‬%‬
	Mentalistas 	P-13
70.6 	‭(‭−‭169‬‬|‭−‭43‬‬)‬		15-grūdžai 	
‭+‭100‬%‬
	gytis 	E.W.
73 	‭(‭−‭78‬‬|‭13‬)‬		15-grūdžai 	
‭+‭125‬%‬
	Niekas 	P-13
Daugiagrudziai
Atstumas 	Koordinates 	Tipas 	Oaze 	Uzimtas nuo 	Aljansas
16.6 	‭(‭-‭141‬‬|‭39‬)‬		15-grudzai 	
‭+‭100‬%‬
	---- 	nera
19.7 	‭(‭-‭167‬‬|‭35‬)‬		15-grudzai 	
‭+‭125‬%‬
	---- 	nera
23.8 	‭(‭-‭128‬‬|‭16‬)‬		15-grudzai 	
‭+‭100‬%‬
	---- 	nera
29.4 	‭(‭-‭141‬‬|‭53‬)‬		15-grudzai 	
‭+‭100‬%‬
	---- 	nera
31 	‭(‭-‭121‬‬|‭36‬)‬		15-grudzai 	
‭+‭150‬%‬
	Kylavanem 	E.W.
40.6 	‭(‭-‭143‬‬|‭-‭15‬‬)‬		15-grudzai 	
‭+‭100‬%‬
	---- 	nera
42.1 	‭(‭-‭153‬‬|‭67‬)‬		15-grudzai 	
‭+‭125‬%‬
	---- 	nera
47.4 	‭(‭-‭182‬‬|‭60‬)‬		15-grudzai 	
‭+‭125‬%‬
	---- 	nera
52.8 	‭(‭-‭159‬‬|‭77‬)‬		15-grudzai 	
‭+‭100‬%‬
	---- 	nera
53.6 	‭(‭-‭98‬‬|‭12‬)‬		15-grudzai 	
‭+‭100‬%‬
	---- 	nera
57.7 	‭(‭-‭159‬‬|‭-‭32‬‬)‬		15-grudzai 	
‭+‭100‬%‬
	Odysseus 	E.W.
58.2 	‭(‭-‭174‬‬|‭-‭28‬‬)‬		15-grudzai 	
‭+‭125‬%‬
	Odysseus 	E.W.
59.2 	‭(‭-‭91‬‬|‭20‬)‬		15-grudzai 	
‭+‭100‬%‬
	---- 	nera
61.2 	‭(‭-‭162‬‬|‭-‭35‬‬)‬		15-grudzai 	
‭+‭125‬%‬
	Odysseus 	E.W.
64 	‭(‭-‭110‬‬|‭75‬)‬		15-grudzai 	
‭+‭125‬%‬
	---- 	nera
68.2 	‭(‭-‭82‬‬|‭30‬)‬		15-grudzai 	
‭+‭125‬%‬
	---- 	nera
68.7 	‭(‭-‭82‬‬|‭35‬)‬		15-grudzai 	
‭+‭125‬%‬
	Mentalistas 	P-13
70.6 	‭(‭-‭169‬‬|‭-‭43‬‬)‬		15-grudzai 	
‭+‭100‬%‬
	gytis 	E.W.
73 	‭(‭-‭78‬‬|‭13‬)‬		15-grudzai 	
‭+‭125‬%‬
	Niekas 	P-13
Daugiagrudziai
Atstumas 	Koordinates 	Tipas 	Oaze 	Uzimtas nuo 	Aljansas
16.6 	(-141|39)		15-grudzai 	
+100%
	---- 	nera
19.7 	(-167|35)		15-grudzai 	
+125%
	---- 	nera
23.8 	(-128|16)		15-grudzai 	
+100%
	---- 	nera
29.4 	(-141|53)		15-grudzai 	
+100%
	---- 	nera
31 	(-121|36)		15-grudzai 	
+150%
	Kylavanem 	E.W.
40.6 	(-143|-15)		15-grudzai 	
+100%
	---- 	nera
42.1 	(-153|67)		15-grudzai 	
+125%
	---- 	nera
47.4 	(-182|60)		15-grudzai 	
+125%
	---- 	nera
52.8 	(-159|77)		15-grudzai 	
+100%
	---- 	nera
53.6 	(-98|12)		15-grudzai 	
+100%
	---- 	nera
57.7 	(-159|-32)		15-grudzai 	
+100%
	Odysseus 	E.W.
58.2 	(-174|-28)		15-grudzai 	
+125%
	Odysseus 	E.W.
59.2 	(-91|20)		15-grudzai 	
+100%
	---- 	nera
61.2 	(-162|-35)		15-grudzai 	
+125%
	Odysseus 	E.W.
64 	(-110|75)		15-grudzai 	
+125%
	---- 	nera
68.2 	(-82|30)		15-grudzai 	
+125%
	---- 	nera
68.7 	(-82|35)		15-grudzai 	
+125%
	Mentalistas 	P-13
70.6 	(-169|-43)		15-grudzai 	
+100%
	gytis 	E.W.
73 	(-78|13)		15-grudzai 	
+125%
	Niekas 	P-13
MATCHCNT:19
16.6 	(-141|39)		15-grudzai 	
+100%
	---- 	nera
19.7 	(-167|35)		15-grudzai 	
+125%
	---- 	nera
23.8 	(-128|16)		15-grudzai 	
+100%
	---- 	nera
29.4 	(-141|53)		15-grudzai 	
+100%
	---- 	nera
31 	(-121|36)		15-grudzai 	
+150%
	Kylavanem 	E.W.
40.6 	(-143|-15)		15-grudzai 	
+100%
	---- 	nera
42.1 	(-153|67)		15-grudzai 	
+125%
	---- 	nera
47.4 	(-182|60)		15-grudzai 	
+125%
	---- 	nera
52.8 	(-159|77)		15-grudzai 	
+100%
	---- 	nera
53.6 	(-98|12)		15-grudzai 	
+100%
	---- 	nera
57.7 	(-159|-32)		15-grudzai 	
+100%
	Odysseus 	E.W.
58.2 	(-174|-28)		15-grudzai 	
+125%
	Odysseus 	E.W.
59.2 	(-91|20)		15-grudzai 	
+100%
	---- 	nera
61.2 	(-162|-35)		15-grudzai 	
+125%
	Odysseus 	E.W.
64 	(-110|75)		15-grudzai 	
+125%
	---- 	nera
68.2 	(-82|30)		15-grudzai 	
+125%
	---- 	nera
68.7 	(-82|35)		15-grudzai 	
+125%
	Mentalistas 	P-13
70.6 	(-169|-43)		15-grudzai 	
+100%
	gytis 	E.W.
73 	(-78|13)		15-grudzai 	
+125%
	Niekas 	P-13
Daugiagrūdžiai
 _____Atstumas __Koordinates ________Tipas _________Oaze __Uzimtas nuo _____Aljansas
 _________16.6 ____[x|y](-141|39)[/x|y] ___15-grudzai ________+100% _________---- _________nera
 _________19.7 ____[x|y](-167|35)[/x|y] ___15-grudzai ________+125% _________---- _________nera
 _________23.8 ____[x|y](-128|16)[/x|y] ___15-grudzai ________+100% _________---- _________nera
 _________29.4 ____[x|y](-141|53)[/x|y] ___15-grudzai ________+100% _________---- _________nera
 ___________31 ____[x|y](-121|36)[/x|y] ___15-grudzai ________+150% ____[žaidėjas]Kylavanem[/žaidėjas] _________[aljansas]E.W.[/aljansas]
 _________40.6 ___[x|y](-143|-15)[/x|y] ___15-grudzai ________+100% _________---- _________nera
 _________42.1 ____[x|y](-153|67)[/x|y] ___15-grudzai ________+125% _________---- _________nera
 _________47.4 ____[x|y](-182|60)[/x|y] ___15-grudzai ________+125% _________---- _________nera
 _________52.8 ____[x|y](-159|77)[/x|y] ___15-grudzai ________+100% _________---- _________nera
 _________53.6 _____[x|y](-98|12)[/x|y] ___15-grudzai ________+100% _________---- _________nera
 _________57.7 ___[x|y](-159|-32)[/x|y] ___15-grudzai ________+100% _____[žaidėjas]Odysseus[/žaidėjas] _________[aljansas]E.W.[/aljansas]
 _________58.2 ___[x|y](-174|-28)[/x|y] ___15-grudzai ________+125% _____[žaidėjas]Odysseus[/žaidėjas] _________[aljansas]E.W.[/aljansas]
 _________59.2 _____[x|y](-91|20)[/x|y] ___15-grudzai ________+100% _________---- _________nera
 _________61.2 ___[x|y](-162|-35)[/x|y] ___15-grudzai ________+125% _____[žaidėjas]Odysseus[/žaidėjas] _________[aljansas]E.W.[/aljansas]
 ___________64 ____[x|y](-110|75)[/x|y] ___15-grudzai ________+125% _________---- _________nera
 _________68.2 _____[x|y](-82|30)[/x|y] ___15-grudzai ________+125% _________---- _________nera
 _________68.7 _____[x|y](-82|35)[/x|y] ___15-grudzai ________+125% __[žaidėjas]Mentalistas[/žaidėjas] _________[aljansas]P-13[/aljansas]
 _________70.6 ___[x|y](-169|-43)[/x|y] ___15-grudzai ________+100% ________[žaidėjas]gytis[/žaidėjas] _________[aljansas]E.W.[/aljansas]
 ___________73 _____[x|y](-78|13)[/x|y] ___15-grudzai ________+125% _______[žaidėjas]Niekas[/žaidėjas] _________[aljansas]P-13[/aljansas]
