0 	‭(‭−‭150‬‬|‭25‬)‬		15-grūdžai 	
‭+‭75‬%‬
	Pretas 	HM
3 	‭(‭−‭150‬‬|‭28‬)‬		15-grūdžai 	
‭+‭75‬%‬
	---- 	nėra
6.1 	‭(‭−‭144‬‬|‭26‬)‬		15-grūdžai 	
‭+‭25‬%‬
	---- 	nėra
15.8 	‭(‭−‭137‬‬|‭16‬)‬		15-grūdžai 	
‭+‭50‬%‬
	---- 	nėra
16.6 	‭(‭−‭141‬‬|‭39‬)‬		15-grūdžai 	
‭+‭100‬%‬
	---- 	nėra
18.8 	‭(‭−‭158‬‬|‭8‬)‬		15-grūdžai 	
‭+‭75‬%‬
	---- 	nėra
19.7 	‭(‭−‭167‬‬|‭35‬)‬		15-grūdžai 	
‭+‭125‬%‬
	---- 	nėra
21.9 	‭(‭−‭170‬‬|‭16‬)‬		15-grūdžai 	
‭+‭50‬%‬
	---- 	nėra
22.1 	‭(‭−‭157‬‬|‭46‬)‬		15-grūdžai 	
‭+‭0‬%‬
	---- 	nėra
23.8 	‭(‭−‭128‬‬|‭16‬)‬		15-grūdžai 	
‭+‭100‬%‬
	---- 	nėra
26.7 	‭(‭−‭144‬‬|‭−‭1‬‬)‬		15-grūdžai 	
‭+‭25‬%‬
	---- 	nėra
27.5 	‭(‭−‭177‬‬|‭30‬)‬		15-grūdžai 	
‭+‭75‬%‬
	---- 	nėra
28.3 	‭(‭−‭122‬‬|‭21‬)‬		15-grūdžai 	
‭+‭25‬%‬
	---- 	nėra
29.1 	‭(‭−‭169‬‬|‭3‬)‬		15-grūdžai 	
‭+‭50‬%‬
	---- 	nėra
29.4 	‭(‭−‭141‬‬|‭53‬)‬		15-grūdžai 	
‭+‭100‬%‬
	---- 	nėra
30.5 	‭(‭−‭173‬‬|‭5‬)‬		15-grūdžai 	
‭+‭25‬%‬
	---- 	nėra
31 	‭(‭−‭121‬‬|‭36‬)‬		15-grūdžai 	
‭+‭150‬%‬
	Kylavanem 	E.W.
32.3 	‭(‭−‭159‬‬|‭56‬)‬		15-grūdžai 	
‭+‭75‬%‬
	---- 	nėra
33.1 	‭(‭−‭180‬‬|‭11‬)‬		15-grūdžai 	
‭+‭50‬%‬
	---- 	nėra
34.8 	‭(‭−‭183‬‬|‭14‬)‬		15-grūdžai 	
‭+‭25‬%‬
	---- 	nėra
35 	‭(‭−‭120‬‬|‭7‬)‬		15-grūdžai 	
‭+‭75‬%‬
	---- 	nėra 
0 	‭(‭-‭150‬‬|‭25‬)‬		15-grudzai 	
‭+‭75‬%‬
	Pretas 	HM
3 	‭(‭-‭150‬‬|‭28‬)‬		15-grudzai 	
‭+‭75‬%‬
	---- 	nera
6.1 	‭(‭-‭144‬‬|‭26‬)‬		15-grudzai 	
‭+‭25‬%‬
	---- 	nera
15.8 	‭(‭-‭137‬‬|‭16‬)‬		15-grudzai 	
‭+‭50‬%‬
	---- 	nera
16.6 	‭(‭-‭141‬‬|‭39‬)‬		15-grudzai 	
‭+‭100‬%‬
	---- 	nera
18.8 	‭(‭-‭158‬‬|‭8‬)‬		15-grudzai 	
‭+‭75‬%‬
	---- 	nera
19.7 	‭(‭-‭167‬‬|‭35‬)‬		15-grudzai 	
‭+‭125‬%‬
	---- 	nera
21.9 	‭(‭-‭170‬‬|‭16‬)‬		15-grudzai 	
‭+‭50‬%‬
	---- 	nera
22.1 	‭(‭-‭157‬‬|‭46‬)‬		15-grudzai 	
‭+‭0‬%‬
	---- 	nera
23.8 	‭(‭-‭128‬‬|‭16‬)‬		15-grudzai 	
‭+‭100‬%‬
	---- 	nera
26.7 	‭(‭-‭144‬‬|‭-‭1‬‬)‬		15-grudzai 	
‭+‭25‬%‬
	---- 	nera
27.5 	‭(‭-‭177‬‬|‭30‬)‬		15-grudzai 	
‭+‭75‬%‬
	---- 	nera
28.3 	‭(‭-‭122‬‬|‭21‬)‬		15-grudzai 	
‭+‭25‬%‬
	---- 	nera
29.1 	‭(‭-‭169‬‬|‭3‬)‬		15-grudzai 	
‭+‭50‬%‬
	---- 	nera
29.4 	‭(‭-‭141‬‬|‭53‬)‬		15-grudzai 	
‭+‭100‬%‬
	---- 	nera
30.5 	‭(‭-‭173‬‬|‭5‬)‬		15-grudzai 	
‭+‭25‬%‬
	---- 	nera
31 	‭(‭-‭121‬‬|‭36‬)‬		15-grudzai 	
‭+‭150‬%‬
	Kylavanem 	E.W.
32.3 	‭(‭-‭159‬‬|‭56‬)‬		15-grudzai 	
‭+‭75‬%‬
	---- 	nera
33.1 	‭(‭-‭180‬‬|‭11‬)‬		15-grudzai 	
‭+‭50‬%‬
	---- 	nera
34.8 	‭(‭-‭183‬‬|‭14‬)‬		15-grudzai 	
‭+‭25‬%‬
	---- 	nera
35 	‭(‭-‭120‬‬|‭7‬)‬		15-grudzai 	
‭+‭75‬%‬
	---- 	nera 
0 	(-150|25)		15-grudzai 	
+75%
	Pretas 	HM
3 	(-150|28)		15-grudzai 	
+75%
	---- 	nera
6.1 	(-144|26)		15-grudzai 	
+25%
	---- 	nera
15.8 	(-137|16)		15-grudzai 	
+50%
	---- 	nera
16.6 	(-141|39)		15-grudzai 	
+100%
	---- 	nera
18.8 	(-158|8)		15-grudzai 	
+75%
	---- 	nera
19.7 	(-167|35)		15-grudzai 	
+125%
	---- 	nera
21.9 	(-170|16)		15-grudzai 	
+50%
	---- 	nera
22.1 	(-157|46)		15-grudzai 	
+0%
	---- 	nera
23.8 	(-128|16)		15-grudzai 	
+100%
	---- 	nera
26.7 	(-144|-1)		15-grudzai 	
+25%
	---- 	nera
27.5 	(-177|30)		15-grudzai 	
+75%
	---- 	nera
28.3 	(-122|21)		15-grudzai 	
+25%
	---- 	nera
29.1 	(-169|3)		15-grudzai 	
+50%
	---- 	nera
29.4 	(-141|53)		15-grudzai 	
+100%
	---- 	nera
30.5 	(-173|5)		15-grudzai 	
+25%
	---- 	nera
31 	(-121|36)		15-grudzai 	
+150%
	Kylavanem 	E.W.
32.3 	(-159|56)		15-grudzai 	
+75%
	---- 	nera
33.1 	(-180|11)		15-grudzai 	
+50%
	---- 	nera
34.8 	(-183|14)		15-grudzai 	
+25%
	---- 	nera
35 	(-120|7)		15-grudzai 	
+75%
	---- 	nera 
MATCHCNT:21
0 	(-150|25)		15-grudzai 	
+75%
	Pretas 	HM
3 	(-150|28)		15-grudzai 	
+75%
	---- 	nera
6.1 	(-144|26)		15-grudzai 	
+25%
	---- 	nera
15.8 	(-137|16)		15-grudzai 	
+50%
	---- 	nera
16.6 	(-141|39)		15-grudzai 	
+100%
	---- 	nera
18.8 	(-158|8)		15-grudzai 	
+75%
	---- 	nera
19.7 	(-167|35)		15-grudzai 	
+125%
	---- 	nera
21.9 	(-170|16)		15-grudzai 	
+50%
	---- 	nera
22.1 	(-157|46)		15-grudzai 	
+0%
	---- 	nera
23.8 	(-128|16)		15-grudzai 	
+100%
	---- 	nera
26.7 	(-144|-1)		15-grudzai 	
+25%
	---- 	nera
27.5 	(-177|30)		15-grudzai 	
+75%
	---- 	nera
28.3 	(-122|21)		15-grudzai 	
+25%
	---- 	nera
29.1 	(-169|3)		15-grudzai 	
+50%
	---- 	nera
29.4 	(-141|53)		15-grudzai 	
+100%
	---- 	nera
30.5 	(-173|5)		15-grudzai 	
+25%
	---- 	nera
31 	(-121|36)		15-grudzai 	
+150%
	Kylavanem 	E.W.
32.3 	(-159|56)		15-grudzai 	
+75%
	---- 	nera
33.1 	(-180|11)		15-grudzai 	
+50%
	---- 	nera
34.8 	(-183|14)		15-grudzai 	
+25%
	---- 	nera
35 	(-120|7)		15-grudzai 	
+75%
	---- 	nera
Daugiagrūdžiai
 _____Atstumas __Koordinates ________Tipas _________Oaze __Uzimtas nuo _____Aljansas
 ____________0 ____[x|y](-150|25)[/x|y] ___15-grudzai _________+75% _______[žaidėjas]Pretas[/žaidėjas] ___________[aljansas]HM[/aljansas]
 ____________3 ____[x|y](-150|28)[/x|y] ___15-grudzai _________+75% _________---- _________nera
 __________6.1 ____[x|y](-144|26)[/x|y] ___15-grudzai _________+25% _________---- _________nera
 _________15.8 ____[x|y](-137|16)[/x|y] ___15-grudzai _________+50% _________---- _________nera
 _________16.6 ____[x|y](-141|39)[/x|y] ___15-grudzai ________+100% _________---- _________nera
 _________18.8 _____[x|y](-158|8)[/x|y] ___15-grudzai _________+75% _________---- _________nera
 _________19.7 ____[x|y](-167|35)[/x|y] ___15-grudzai ________+125% _________---- _________nera
 _________21.9 ____[x|y](-170|16)[/x|y] ___15-grudzai _________+50% _________---- _________nera
 _________22.1 ____[x|y](-157|46)[/x|y] ___15-grudzai __________+0% _________---- _________nera
 _________23.8 ____[x|y](-128|16)[/x|y] ___15-grudzai ________+100% _________---- _________nera
 _________26.7 ____[x|y](-144|-1)[/x|y] ___15-grudzai _________+25% _________---- _________nera
 _________27.5 ____[x|y](-177|30)[/x|y] ___15-grudzai _________+75% _________---- _________nera
 _________28.3 ____[x|y](-122|21)[/x|y] ___15-grudzai _________+25% _________---- _________nera
 _________29.1 _____[x|y](-169|3)[/x|y] ___15-grudzai _________+50% _________---- _________nera
 _________29.4 ____[x|y](-141|53)[/x|y] ___15-grudzai ________+100% _________---- _________nera
 _________30.5 _____[x|y](-173|5)[/x|y] ___15-grudzai _________+25% _________---- _________nera
 ___________31 ____[x|y](-121|36)[/x|y] ___15-grudzai ________+150% ____[žaidėjas]Kylavanem[/žaidėjas] _________[aljansas]E.W.[/aljansas]
 _________32.3 ____[x|y](-159|56)[/x|y] ___15-grudzai _________+75% _________---- _________nera
 _________33.1 ____[x|y](-180|11)[/x|y] ___15-grudzai _________+50% _________---- _________nera
 _________34.8 ____[x|y](-183|14)[/x|y] ___15-grudzai _________+25% _________---- _________nera
 ___________35 _____[x|y](-120|7)[/x|y] ___15-grudzai _________+75% _________---- _________nera
