Daugiagrūdžiai
Atstumas 	Koordinatės 	Tipas 	Oazė 	Užimtas nuo 	Aljansas
6.7 	‭(‭−‭144‬‬|‭22‬)‬		9-grūdžiai 	
‭+‭150‬%‬
	baikeris 	HM
10 	‭(‭−‭160‬‬|‭24‬)‬		9-grūdžiai 	
‭+‭100‬%‬
	---- 	nėra
24.5 	‭(‭−‭145‬‬|‭49‬)‬		9-grūdžiai 	
‭+‭100‬%‬
	---- 	nėra
26.5 	‭(‭−‭176‬‬|‭20‬)‬		9-grūdžiai 	
‭+‭100‬%‬
	---- 	nėra
31.3 	‭(‭−‭178‬‬|‭11‬)‬		9-grūdžiai 	
‭+‭125‬%‬
	---- 	nėra
32.6 	‭(‭−‭179‬‬|‭10‬)‬		9-grūdžiai 	
‭+‭100‬%‬
	---- 	nėra
43 	‭(‭−‭108‬‬|‭16‬)‬		9-grūdžiai 	
‭+‭125‬%‬
	---- 	nėra
46.9 	‭(‭−‭104‬‬|‭16‬)‬		9-grūdžiai 	
‭+‭100‬%‬
	---- 	nėra
47.2 	‭(‭−‭197‬‬|‭29‬)‬		9-grūdžiai 	
‭+‭100‬%‬
	---- 	nėra
49.4 	‭(‭−‭156‬‬|‭74‬)‬		9-grūdžiai 	
‭+‭150‬%‬
	---- 	nėra
52.8 	‭(‭−‭133‬‬|‭−‭25‬‬)‬		9-grūdžiai 	
‭+‭125‬%‬
	moo 	Lg
56.4 	‭(‭−‭99‬‬|‭49‬)‬		9-grūdžiai 	
‭+‭125‬%‬
	---- 	nėra
57.3 	‭(‭−‭98‬‬|‭49‬)‬		9-grūdžiai 	
‭+‭125‬%‬
	---- 	nėra
58.5 	‭(‭−‭158‬‬|‭83‬)‬		9-grūdžiai 	
‭+‭100‬%‬
	---- 	nėra
59.5 	‭(‭−‭111‬‬|‭70‬)‬		9-grūdžiai 	
‭+‭125‬%‬
	---- 	nėra
60.4 	‭(‭−‭188‬‬|‭−‭22‬‬)‬		9-grūdžiai 	
‭+‭100‬%‬
	---- 	nėra 
Daugiagrudziai
Atstumas 	Koordinates 	Tipas 	Oaze 	Uzimtas nuo 	Aljansas
6.7 	‭(‭-‭144‬‬|‭22‬)‬		9-grudziai 	
‭+‭150‬%‬
	baikeris 	HM
10 	‭(‭-‭160‬‬|‭24‬)‬		9-grudziai 	
‭+‭100‬%‬
	---- 	nera
24.5 	‭(‭-‭145‬‬|‭49‬)‬		9-grudziai 	
‭+‭100‬%‬
	---- 	nera
26.5 	‭(‭-‭176‬‬|‭20‬)‬		9-grudziai 	
‭+‭100‬%‬
	---- 	nera
31.3 	‭(‭-‭178‬‬|‭11‬)‬		9-grudziai 	
‭+‭125‬%‬
	---- 	nera
32.6 	‭(‭-‭179‬‬|‭10‬)‬		9-grudziai 	
‭+‭100‬%‬
	---- 	nera
43 	‭(‭-‭108‬‬|‭16‬)‬		9-grudziai 	
‭+‭125‬%‬
	---- 	nera
46.9 	‭(‭-‭104‬‬|‭16‬)‬		9-grudziai 	
‭+‭100‬%‬
	---- 	nera
47.2 	‭(‭-‭197‬‬|‭29‬)‬		9-grudziai 	
‭+‭100‬%‬
	---- 	nera
49.4 	‭(‭-‭156‬‬|‭74‬)‬		9-grudziai 	
‭+‭150‬%‬
	---- 	nera
52.8 	‭(‭-‭133‬‬|‭-‭25‬‬)‬		9-grudziai 	
‭+‭125‬%‬
	moo 	Lg
56.4 	‭(‭-‭99‬‬|‭49‬)‬		9-grudziai 	
‭+‭125‬%‬
	---- 	nera
57.3 	‭(‭-‭98‬‬|‭49‬)‬		9-grudziai 	
‭+‭125‬%‬
	---- 	nera
58.5 	‭(‭-‭158‬‬|‭83‬)‬		9-grudziai 	
‭+‭100‬%‬
	---- 	nera
59.5 	‭(‭-‭111‬‬|‭70‬)‬		9-grudziai 	
‭+‭125‬%‬
	---- 	nera
60.4 	‭(‭-‭188‬‬|‭-‭22‬‬)‬		9-grudziai 	
‭+‭100‬%‬
	---- 	nera 
Daugiagrudziai
Atstumas 	Koordinates 	Tipas 	Oaze 	Uzimtas nuo 	Aljansas
6.7 	(-144|22)		9-grudziai 	
+150%
	baikeris 	HM
10 	(-160|24)		9-grudziai 	
+100%
	---- 	nera
24.5 	(-145|49)		9-grudziai 	
+100%
	---- 	nera
26.5 	(-176|20)		9-grudziai 	
+100%
	---- 	nera
31.3 	(-178|11)		9-grudziai 	
+125%
	---- 	nera
32.6 	(-179|10)		9-grudziai 	
+100%
	---- 	nera
43 	(-108|16)		9-grudziai 	
+125%
	---- 	nera
46.9 	(-104|16)		9-grudziai 	
+100%
	---- 	nera
47.2 	(-197|29)		9-grudziai 	
+100%
	---- 	nera
49.4 	(-156|74)		9-grudziai 	
+150%
	---- 	nera
52.8 	(-133|-25)		9-grudziai 	
+125%
	moo 	Lg
56.4 	(-99|49)		9-grudziai 	
+125%
	---- 	nera
57.3 	(-98|49)		9-grudziai 	
+125%
	---- 	nera
58.5 	(-158|83)		9-grudziai 	
+100%
	---- 	nera
59.5 	(-111|70)		9-grudziai 	
+125%
	---- 	nera
60.4 	(-188|-22)		9-grudziai 	
+100%
	---- 	nera 
MATCHCNT:16
6.7 	(-144|22)		9-grudziai 	
+150%
	baikeris 	HM
10 	(-160|24)		9-grudziai 	
+100%
	---- 	nera
24.5 	(-145|49)		9-grudziai 	
+100%
	---- 	nera
26.5 	(-176|20)		9-grudziai 	
+100%
	---- 	nera
31.3 	(-178|11)		9-grudziai 	
+125%
	---- 	nera
32.6 	(-179|10)		9-grudziai 	
+100%
	---- 	nera
43 	(-108|16)		9-grudziai 	
+125%
	---- 	nera
46.9 	(-104|16)		9-grudziai 	
+100%
	---- 	nera
47.2 	(-197|29)		9-grudziai 	
+100%
	---- 	nera
49.4 	(-156|74)		9-grudziai 	
+150%
	---- 	nera
52.8 	(-133|-25)		9-grudziai 	
+125%
	moo 	Lg
56.4 	(-99|49)		9-grudziai 	
+125%
	---- 	nera
57.3 	(-98|49)		9-grudziai 	
+125%
	---- 	nera
58.5 	(-158|83)		9-grudziai 	
+100%
	---- 	nera
59.5 	(-111|70)		9-grudziai 	
+125%
	---- 	nera
60.4 	(-188|-22)		9-grudziai 	
+100%
	---- 	nera
Daugiagrūdžiai
 _____Atstumas __Koordinates ________Tipas _________Oaze __Uzimtas nuo _____Aljansas
 __________6.7 ____[x|y](-144|22)[/x|y] ___9-grudziai ________+150% _____[žaidėjas]baikeris[/žaidėjas] ___________[aljansas]HM[/aljansas]
 ___________10 ____[x|y](-160|24)[/x|y] ___9-grudziai ________+100% _________---- _________nera
 _________24.5 ____[x|y](-145|49)[/x|y] ___9-grudziai ________+100% _________---- _________nera
 _________26.5 ____[x|y](-176|20)[/x|y] ___9-grudziai ________+100% _________---- _________nera
 _________31.3 ____[x|y](-178|11)[/x|y] ___9-grudziai ________+125% _________---- _________nera
 _________32.6 ____[x|y](-179|10)[/x|y] ___9-grudziai ________+100% _________---- _________nera
 ___________43 ____[x|y](-108|16)[/x|y] ___9-grudziai ________+125% _________---- _________nera
 _________46.9 ____[x|y](-104|16)[/x|y] ___9-grudziai ________+100% _________---- _________nera
 _________47.2 ____[x|y](-197|29)[/x|y] ___9-grudziai ________+100% _________---- _________nera
 _________49.4 ____[x|y](-156|74)[/x|y] ___9-grudziai ________+150% _________---- _________nera
 _________52.8 ___[x|y](-133|-25)[/x|y] ___9-grudziai ________+125% __________[žaidėjas]moo[/žaidėjas] ___________[aljansas]Lg[/aljansas]
 _________56.4 _____[x|y](-99|49)[/x|y] ___9-grudziai ________+125% _________---- _________nera
 _________57.3 _____[x|y](-98|49)[/x|y] ___9-grudziai ________+125% _________---- _________nera
 _________58.5 ____[x|y](-158|83)[/x|y] ___9-grudziai ________+100% _________---- _________nera
 _________59.5 ____[x|y](-111|70)[/x|y] ___9-grudziai ________+125% _________---- _________nera
 _________60.4 ___[x|y](-188|-22)[/x|y] ___9-grudziai ________+100% _________---- _________nera
